This file contains any messages produced by compilers while
running configure, to aid debugging if configure makes a mistake.

It was created by uriparser configure 0.8.4, which was
generated by GNU Autoconf 2.69.  Invocation command line was

  $ /trunk/MediaProcessors_selfcontained/arch_x86_64_windows/uriparser/../../3rdplibs/uriparser/configure --prefix=/trunk/MediaProcessors_selfcontained/_install_dir_x86_64 --disable-static --disable-test --disable-wchar_t --disable-doc CC=gcc CFLAGS=-mthreads -mtune=generic -O2 -pipe -Wall -O3 -fPIC -D_LARGE_FILE_API -D_LARGEFILE64_SOURCE -D_FILE_OFFSET_BITS=64 LDFLAGS=-pipe -static-libgcc -static-libstdc++ CPPFLAGS=-D_FORTIFY_SOURCE=2 -D__USE_MINGW_ANSI_STDIO=1 CXXFLAGS=-mthreads -mtune=generic -O2 -pipe PKG_CONFIG=/mingw64/bin/pkg-config --static PKG_CONFIG_PATH=/local64/lib/pkgconfig:/mingw64/lib/pkgconfig --no-create --no-recursion

## --------- ##
## Platform. ##
## --------- ##

hostname = ESMALARCON-C2
uname -m = x86_64
uname -r = 2.10.0(0.325/5/3)
uname -s = MINGW64_NT-6.1
uname -v = 2018-02-09 15:25

/usr/bin/uname -p = unknown
/bin/uname -X     = unknown

/bin/arch              = x86_64
/usr/bin/arch -k       = unknown
/usr/convex/getsysinfo = unknown
/usr/bin/hostinfo      = unknown
/bin/machine           = unknown
/usr/bin/oslevel       = unknown
/bin/universe          = unknown

PATH: /local64/bin-audio
PATH: /local64/bin-global
PATH: /local64/bin-video
PATH: /local64/bin
PATH: /mingw64/bin
PATH: /local64/share/info
PATH: /mingw64/share/info
PATH: /usr/share/info
PATH: /usr/local/bin
PATH: /usr/bin
PATH: /bin
PATH: /c/Python27/Scripts
PATH: /c/Python27
PATH: /c/Python35/Scripts
PATH: /c/Python35
PATH: /c/Program Files/Broadcom/Broadcom 802.11
PATH: /c/ProgramData/Oracle/Java/javapath
PATH: /c/WINDOWS/system32
PATH: /c/WINDOWS
PATH: /c/WINDOWS/System32/Wbem
PATH: /c/WINDOWS/System32/WindowsPowerShell/v1.0
PATH: /c/Program Files/WIDCOMM/Bluetooth Software
PATH: /c/Program Files/WIDCOMM/Bluetooth Software/syswow64
PATH: /c/Program Files (x86)/GitExtensions
PATH: /c/Program Files/OpenVPN/bin
PATH: /c/Program Files (x86)/WebEx/Productivity Tools
PATH: /c/Program Files (x86)/SafeCom/SafeComPrintClient
PATH: /c/Program Files/dotnet
PATH: /c/Program Files (x86)/PuTTY
PATH: /c/Program Files (x86)/Sennheiser/SoftphoneSDK
PATH: /c/Program Files (x86)/Microsoft SQL Server/100/Tools/Binn
PATH: /c/Program Files/Microsoft SQL Server/100/Tools/Binn
PATH: /c/Program Files/Microsoft SQL Server/100/DTS/Binn
PATH: /c/Python27/Scripts
PATH: /c/Python27
PATH: /c/Python35/Scripts
PATH: /c/Python35
PATH: /c/Program Files/Broadcom/Broadcom 802.11
PATH: /c/ProgramData/Oracle/Java/javapath
PATH: /c/WINDOWS/system32
PATH: /c/WINDOWS
PATH: /c/WINDOWS/System32/Wbem
PATH: /c/WINDOWS/System32/WindowsPowerShell/v1.0
PATH: /c/Program Files/WIDCOMM/Bluetooth Software
PATH: /c/Program Files/WIDCOMM/Bluetooth Software/syswow64
PATH: /c/Program Files (x86)/GitExtensions
PATH: /c/Program Files/OpenVPN/bin
PATH: /c/Program Files (x86)/WebEx/Productivity Tools
PATH: /c/Program Files (x86)/SafeCom/SafeComPrintClient
PATH: /c/Program Files (x86)/Sennheiser/SoftphoneSDK
PATH: /c/Program Files/dotnet
PATH: /c/workspace/windows
PATH: /usr/bin/site_perl
PATH: /usr/bin/vendor_perl
PATH: /usr/bin/core_perl
PATH: /usr/bin/site_perl
PATH: /usr/bin/vendor_perl
PATH: /usr/bin/core_perl


## ----------- ##
## Core tests. ##
## ----------- ##

configure:2202: loading site script /mingw64/etc/config.site
| # This file is in public domain.
| # Original author: Karlson2k (Evgeny Grin)
| # Written for MSys2/MinGW64 to help running 'configure' scripts
| 
| # Defaults for MinGW64-targeted programs
| 
| # Set proper selfname on bash and fallback to default name on other shells
| test -n "${BASH_SOURCE}" 2>/dev/null && config_site_me="${BASH_SOURCE[0]##*/}" || config_site_me=config.site
| 
| # Set default 'host' to speedup configure
| if test -z "$build_alias"; then
|   build_alias="${MSYSTEM_CHOST-x86_64-w64-mingw32}" && \
|     $as_echo "$config_site_me:${as_lineno-$LINENO}: default build_alias set to $build_alias" >&5 
| fi
| 
| # Set default 'prefix' to "/mingw64"
| if ( test -z "$prefix" || test "x$prefix" = "xNONE" ) && \
|    ( test -z "$exec_prefix" || test "x$exec_prefix" = "xNONE" ); then
|   prefix="${MSYSTEM_PREFIX-/mingw64}" && \
|     $as_echo "$config_site_me:${as_lineno-$LINENO}: default prefix set to $prefix" >&5
| fi
config.site:13: default build_alias set to x86_64-w64-mingw32
configure:2343: checking for a BSD-compatible install
configure:2411: result: /usr/bin/install -c
configure:2422: checking whether build environment is sane
configure:2477: result: yes
configure:2515: WARNING: 'missing' script is too old or missing
configure:2628: checking for a thread-safe mkdir -p
configure:2667: result: /usr/bin/mkdir -p
configure:2674: checking for gawk
configure:2690: found /usr/bin/gawk
configure:2701: result: gawk
configure:2712: checking whether make sets $(MAKE)
configure:2734: result: yes
configure:2763: checking whether make supports nested variables
configure:2780: result: yes
configure:2957: checking for gcc
configure:2984: result: gcc
configure:3213: checking for C compiler version
configure:3222: gcc --version >&5
gcc.exe (Rev1, Built by MSYS2 project) 7.3.0
Copyright (C) 2017 Free Software Foundation, Inc.
This is free software; see the source for copying conditions.  There is NO
warranty; not even for MERCHANTABILITY or FITNESS FOR A PARTICULAR PURPOSE.

configure:3233: $? = 0
configure:3222: gcc -v >&5
Using built-in specs.
COLLECT_GCC=C:\media_autobuild\msys64\mingw64\bin\gcc.exe
COLLECT_LTO_WRAPPER=C:/media_autobuild/msys64/mingw64/bin/../lib/gcc/x86_64-w64-mingw32/7.3.0/lto-wrapper.exe
Target: x86_64-w64-mingw32
Configured with: ../gcc-7.3.0/configure --prefix=/mingw64 --with-local-prefix=/mingw64/local --build=x86_64-w64-mingw32 --host=x86_64-w64-mingw32 --target=x86_64-w64-mingw32 --with-native-system-header-dir=/mingw64/x86_64-w64-mingw32/include --libexecdir=/mingw64/lib --enable-bootstrap --with-arch=x86-64 --with-tune=generic --enable-languages=c,lto,c++,objc,obj-c++,fortran,ada --enable-shared --enable-static --enable-libatomic --enable-threads=posix --enable-graphite --enable-fully-dynamic-string --enable-libstdcxx-time=yes --enable-libstdcxx-filesystem-ts=yes --disable-libstdcxx-pch --disable-libstdcxx-debug --disable-isl-version-check --enable-lto --enable-libgomp --disable-multilib --enable-checking=release --disable-rpath --disable-win32-registry --disable-nls --disable-werror --disable-symvers --with-libiconv --with-system-zlib --with-gmp=/mingw64 --with-mpfr=/mingw64 --with-mpc=/mingw64 --with-isl=/mingw64 --with-pkgversion='Rev1, Built by MSYS2 project' --with-bugurl=https://sourceforge.net/projects/msys2 --with-gnu-as --with-gnu-ld
Thread model: posix
gcc version 7.3.0 (Rev1, Built by MSYS2 project) 
configure:3233: $? = 0
configure:3222: gcc -V >&5
gcc.exe: error: unrecognized command line option '-V'
gcc.exe: fatal error: no input files
compilation terminated.
configure:3233: $? = 1
configure:3222: gcc -qversion >&5
gcc.exe: error: unrecognized command line option '-qversion'; did you mean '--version'?
gcc.exe: fatal error: no input files
compilation terminated.
configure:3233: $? = 1
configure:3253: checking whether the C compiler works
configure:3275: gcc -mthreads -mtune=generic -O2 -pipe -Wall -O3 -fPIC -D_LARGE_FILE_API -D_LARGEFILE64_SOURCE -D_FILE_OFFSET_BITS=64 -D_FORTIFY_SOURCE=2 -D__USE_MINGW_ANSI_STDIO=1 -pipe -static-libgcc -static-libstdc++ conftest.c  >&5
configure:3279: $? = 0
configure:3327: result: yes
configure:3330: checking for C compiler default output file name
configure:3332: result: a.exe
configure:3338: checking for suffix of executables
configure:3345: gcc -o conftest.exe -mthreads -mtune=generic -O2 -pipe -Wall -O3 -fPIC -D_LARGE_FILE_API -D_LARGEFILE64_SOURCE -D_FILE_OFFSET_BITS=64 -D_FORTIFY_SOURCE=2 -D__USE_MINGW_ANSI_STDIO=1 -pipe -static-libgcc -static-libstdc++ conftest.c  >&5
configure:3349: $? = 0
configure:3371: result: .exe
configure:3393: checking whether we are cross compiling
configure:3401: gcc -o conftest.exe -mthreads -mtune=generic -O2 -pipe -Wall -O3 -fPIC -D_LARGE_FILE_API -D_LARGEFILE64_SOURCE -D_FILE_OFFSET_BITS=64 -D_FORTIFY_SOURCE=2 -D__USE_MINGW_ANSI_STDIO=1 -pipe -static-libgcc -static-libstdc++ conftest.c  >&5
configure:3405: $? = 0
configure:3412: ./conftest.exe
configure:3416: $? = 0
configure:3431: result: no
configure:3436: checking for suffix of object files
configure:3458: gcc -c -mthreads -mtune=generic -O2 -pipe -Wall -O3 -fPIC -D_LARGE_FILE_API -D_LARGEFILE64_SOURCE -D_FILE_OFFSET_BITS=64 -D_FORTIFY_SOURCE=2 -D__USE_MINGW_ANSI_STDIO=1 conftest.c >&5
configure:3462: $? = 0
configure:3483: result: o
configure:3487: checking whether we are using the GNU C compiler
configure:3506: gcc -c -mthreads -mtune=generic -O2 -pipe -Wall -O3 -fPIC -D_LARGE_FILE_API -D_LARGEFILE64_SOURCE -D_FILE_OFFSET_BITS=64 -D_FORTIFY_SOURCE=2 -D__USE_MINGW_ANSI_STDIO=1 conftest.c >&5
configure:3506: $? = 0
configure:3515: result: yes
configure:3524: checking whether gcc accepts -g
configure:3544: gcc -c -g -D_FORTIFY_SOURCE=2 -D__USE_MINGW_ANSI_STDIO=1 conftest.c >&5
configure:3544: $? = 0
configure:3585: result: yes
configure:3602: checking for gcc option to accept ISO C89
configure:3665: gcc  -c -mthreads -mtune=generic -O2 -pipe -Wall -O3 -fPIC -D_LARGE_FILE_API -D_LARGEFILE64_SOURCE -D_FILE_OFFSET_BITS=64 -D_FORTIFY_SOURCE=2 -D__USE_MINGW_ANSI_STDIO=1 conftest.c >&5
configure:3665: $? = 0
configure:3678: result: none needed
configure:3703: checking whether gcc understands -c and -o together
configure:3725: gcc -c conftest.c -o conftest2.o
configure:3728: $? = 0
configure:3725: gcc -c conftest.c -o conftest2.o
configure:3728: $? = 0
configure:3740: result: yes
configure:3768: checking for style of include used by make
configure:3796: result: GNU
configure:3822: checking dependency style of gcc
configure:3933: result: gcc3
configure:4006: checking for g++
configure:4022: found /mingw64/bin/g++
configure:4033: result: g++
configure:4060: checking for C++ compiler version
configure:4069: g++ --version >&5
g++.exe (Rev1, Built by MSYS2 project) 7.3.0
Copyright (C) 2017 Free Software Foundation, Inc.
This is free software; see the source for copying conditions.  There is NO
warranty; not even for MERCHANTABILITY or FITNESS FOR A PARTICULAR PURPOSE.

configure:4080: $? = 0
configure:4069: g++ -v >&5
Using built-in specs.
COLLECT_GCC=C:\media_autobuild\msys64\mingw64\bin\g++.exe
COLLECT_LTO_WRAPPER=C:/media_autobuild/msys64/mingw64/bin/../lib/gcc/x86_64-w64-mingw32/7.3.0/lto-wrapper.exe
Target: x86_64-w64-mingw32
Configured with: ../gcc-7.3.0/configure --prefix=/mingw64 --with-local-prefix=/mingw64/local --build=x86_64-w64-mingw32 --host=x86_64-w64-mingw32 --target=x86_64-w64-mingw32 --with-native-system-header-dir=/mingw64/x86_64-w64-mingw32/include --libexecdir=/mingw64/lib --enable-bootstrap --with-arch=x86-64 --with-tune=generic --enable-languages=c,lto,c++,objc,obj-c++,fortran,ada --enable-shared --enable-static --enable-libatomic --enable-threads=posix --enable-graphite --enable-fully-dynamic-string --enable-libstdcxx-time=yes --enable-libstdcxx-filesystem-ts=yes --disable-libstdcxx-pch --disable-libstdcxx-debug --disable-isl-version-check --enable-lto --enable-libgomp --disable-multilib --enable-checking=release --disable-rpath --disable-win32-registry --disable-nls --disable-werror --disable-symvers --with-libiconv --with-system-zlib --with-gmp=/mingw64 --with-mpfr=/mingw64 --with-mpc=/mingw64 --with-isl=/mingw64 --with-pkgversion='Rev1, Built by MSYS2 project' --with-bugurl=https://sourceforge.net/projects/msys2 --with-gnu-as --with-gnu-ld
Thread model: posix
gcc version 7.3.0 (Rev1, Built by MSYS2 project) 
configure:4080: $? = 0
configure:4069: g++ -V >&5
g++.exe: error: unrecognized command line option '-V'
g++.exe: fatal error: no input files
compilation terminated.
configure:4080: $? = 1
configure:4069: g++ -qversion >&5
g++.exe: error: unrecognized command line option '-qversion'; did you mean '--version'?
g++.exe: fatal error: no input files
compilation terminated.
configure:4080: $? = 1
configure:4084: checking whether we are using the GNU C++ compiler
configure:4103: g++ -c -mthreads -mtune=generic -O2 -pipe -D_FORTIFY_SOURCE=2 -D__USE_MINGW_ANSI_STDIO=1 conftest.cpp >&5
configure:4103: $? = 0
configure:4112: result: yes
configure:4121: checking whether g++ accepts -g
configure:4141: g++ -c -g -D_FORTIFY_SOURCE=2 -D__USE_MINGW_ANSI_STDIO=1 conftest.cpp >&5
configure:4141: $? = 0
configure:4182: result: yes
configure:4207: checking dependency style of g++
configure:4318: result: gcc3
configure:4362: checking build system type
configure:4376: result: x86_64-w64-mingw32
configure:4396: checking host system type
configure:4409: result: x86_64-w64-mingw32
configure:4450: checking how to print strings
configure:4477: result: printf
configure:4498: checking for a sed that does not truncate output
configure:4562: result: /usr/bin/sed
configure:4580: checking for grep that handles long lines and -e
configure:4638: result: /usr/bin/grep
configure:4643: checking for egrep
configure:4705: result: /usr/bin/grep -E
configure:4710: checking for fgrep
configure:4772: result: /usr/bin/grep -F
configure:4807: checking for ld used by gcc
configure:4874: result: C:/media_autobuild/msys64/mingw64/x86_64-w64-mingw32/bin/ld.exe
configure:4881: checking if the linker (C:/media_autobuild/msys64/mingw64/x86_64-w64-mingw32/bin/ld.exe) is GNU ld
configure:4896: result: yes
configure:4908: checking for BSD- or MS-compatible name lister (nm)
configure:4962: result: /mingw64/bin/nm -B
configure:5092: checking the name lister (/mingw64/bin/nm -B) interface
configure:5099: gcc -c -mthreads -mtune=generic -O2 -pipe -Wall -O3 -fPIC -D_LARGE_FILE_API -D_LARGEFILE64_SOURCE -D_FILE_OFFSET_BITS=64 -D_FORTIFY_SOURCE=2 -D__USE_MINGW_ANSI_STDIO=1 conftest.c >&5
configure:5102: /mingw64/bin/nm -B "conftest.o"
configure:5105: output
0000000000000000 b .bss
0000000000000000 d .data
0000000000000000 r .rdata$zzz
0000000000000000 t .text
0000000000000000 B some_variable
configure:5112: result: BSD nm
configure:5115: checking whether ln -s works
configure:5122: result: no, using cp -pR
configure:5127: checking the maximum length of command line arguments
configure:5258: result: 8192
configure:5306: checking how to convert x86_64-w64-mingw32 file names to x86_64-w64-mingw32 format
configure:5346: result: func_convert_file_msys_to_w32
configure:5353: checking how to convert x86_64-w64-mingw32 file names to toolchain format
configure:5373: result: func_convert_file_msys_to_w32
configure:5380: checking for C:/media_autobuild/msys64/mingw64/x86_64-w64-mingw32/bin/ld.exe option to reload object files
configure:5387: result: -r
configure:5461: checking for objdump
configure:5477: found /mingw64/bin/objdump
configure:5488: result: objdump
configure:5520: checking how to recognize dependent libraries
configure:5720: result: file_magic ^x86 archive import|^x86 DLL
configure:5805: checking for dlltool
configure:5821: found /mingw64/bin/dlltool
configure:5832: result: dlltool
configure:5865: checking how to associate runtime and link libraries
configure:5892: result: func_cygming_dll_for_implib
configure:5953: checking for ar
configure:5969: found /mingw64/bin/ar
configure:5980: result: ar
configure:6017: checking for archiver @FILE support
configure:6034: gcc -c -mthreads -mtune=generic -O2 -pipe -Wall -O3 -fPIC -D_LARGE_FILE_API -D_LARGEFILE64_SOURCE -D_FILE_OFFSET_BITS=64 -D_FORTIFY_SOURCE=2 -D__USE_MINGW_ANSI_STDIO=1 conftest.c >&5
configure:6034: $? = 0
configure:6037: ar cru libconftest.a @conftest.lst >&5
configure:6040: $? = 0
configure:6045: ar cru libconftest.a @conftest.lst >&5
C:\media_autobuild\msys64\mingw64\bin\ar.exe: conftest.o: No such file or directory
configure:6048: $? = 1
configure:6060: result: @
configure:6118: checking for strip
configure:6134: found /mingw64/bin/strip
configure:6145: result: strip
configure:6217: checking for ranlib
configure:6233: found /mingw64/bin/ranlib
configure:6244: result: ranlib
configure:6346: checking command to parse /mingw64/bin/nm -B output from gcc object
configure:6499: gcc -c -mthreads -mtune=generic -O2 -pipe -Wall -O3 -fPIC -D_LARGE_FILE_API -D_LARGEFILE64_SOURCE -D_FILE_OFFSET_BITS=64 -D_FORTIFY_SOURCE=2 -D__USE_MINGW_ANSI_STDIO=1 conftest.c >&5
configure:6502: $? = 0
configure:6506: /mingw64/bin/nm -B conftest.o \| sed -n -e 's/^.*[ ]\([ABCDGIRSTW][ABCDGIRSTW]*\)[ ][ ]*\([_A-Za-z][_A-Za-z0-9]*\)\{0,1\}$/\1 \2 \2/p' | sed '/ __gnu_lto/d' \> conftest.nm
configure:6509: $? = 0
configure:6575: gcc -o conftest.exe -mthreads -mtune=generic -O2 -pipe -Wall -O3 -fPIC -D_LARGE_FILE_API -D_LARGEFILE64_SOURCE -D_FILE_OFFSET_BITS=64 -D_FORTIFY_SOURCE=2 -D__USE_MINGW_ANSI_STDIO=1 -pipe -static-libgcc -static-libstdc++ conftest.c conftstm.o >&5
configure:6578: $? = 0
configure:6616: result: ok
configure:6663: checking for sysroot
configure:6693: result: no
configure:6700: checking for a working dd
configure:6738: result: /usr/bin/dd
configure:6742: checking how to truncate binary pipes
configure:6757: result: /usr/bin/dd bs=4096 count=1
configure:7086: checking for mt
configure:7116: result: no
configure:7136: checking if : is a manifest tool
configure:7142: : '-?'
configure:7150: result: no
configure:7827: checking how to run the C preprocessor
configure:7858: gcc -E -D_FORTIFY_SOURCE=2 -D__USE_MINGW_ANSI_STDIO=1 conftest.c
configure:7858: $? = 0
configure:7872: gcc -E -D_FORTIFY_SOURCE=2 -D__USE_MINGW_ANSI_STDIO=1 conftest.c
conftest.c:11:10: fatal error: ac_nonexistent.h: No such file or directory
 #include <ac_nonexistent.h>
          ^~~~~~~~~~~~~~~~~~
compilation terminated.
configure:7872: $? = 1
configure: failed program was:
| /* confdefs.h */
| #define PACKAGE_NAME "uriparser"
| #define PACKAGE_TARNAME "uriparser"
| #define PACKAGE_VERSION "0.8.4"
| #define PACKAGE_STRING "uriparser 0.8.4"
| #define PACKAGE_BUGREPORT ""
| #define PACKAGE_URL ""
| #define PACKAGE "uriparser"
| #define VERSION "0.8.4"
| /* end confdefs.h.  */
| #include <ac_nonexistent.h>
configure:7897: result: gcc -E
configure:7917: gcc -E -D_FORTIFY_SOURCE=2 -D__USE_MINGW_ANSI_STDIO=1 conftest.c
configure:7917: $? = 0
configure:7931: gcc -E -D_FORTIFY_SOURCE=2 -D__USE_MINGW_ANSI_STDIO=1 conftest.c
conftest.c:11:10: fatal error: ac_nonexistent.h: No such file or directory
 #include <ac_nonexistent.h>
          ^~~~~~~~~~~~~~~~~~
compilation terminated.
configure:7931: $? = 1
configure: failed program was:
| /* confdefs.h */
| #define PACKAGE_NAME "uriparser"
| #define PACKAGE_TARNAME "uriparser"
| #define PACKAGE_VERSION "0.8.4"
| #define PACKAGE_STRING "uriparser 0.8.4"
| #define PACKAGE_BUGREPORT ""
| #define PACKAGE_URL ""
| #define PACKAGE "uriparser"
| #define VERSION "0.8.4"
| /* end confdefs.h.  */
| #include <ac_nonexistent.h>
configure:7960: checking for ANSI C header files
configure:7980: gcc -c -mthreads -mtune=generic -O2 -pipe -Wall -O3 -fPIC -D_LARGE_FILE_API -D_LARGEFILE64_SOURCE -D_FILE_OFFSET_BITS=64 -D_FORTIFY_SOURCE=2 -D__USE_MINGW_ANSI_STDIO=1 conftest.c >&5
configure:7980: $? = 0
configure:8053: gcc -o conftest.exe -mthreads -mtune=generic -O2 -pipe -Wall -O3 -fPIC -D_LARGE_FILE_API -D_LARGEFILE64_SOURCE -D_FILE_OFFSET_BITS=64 -D_FORTIFY_SOURCE=2 -D__USE_MINGW_ANSI_STDIO=1 -pipe -static-libgcc -static-libstdc++ conftest.c  >&5
configure:8053: $? = 0
configure:8053: ./conftest.exe
configure:8053: $? = 0
configure:8064: result: yes
configure:8077: checking for sys/types.h
configure:8077: gcc -c -mthreads -mtune=generic -O2 -pipe -Wall -O3 -fPIC -D_LARGE_FILE_API -D_LARGEFILE64_SOURCE -D_FILE_OFFSET_BITS=64 -D_FORTIFY_SOURCE=2 -D__USE_MINGW_ANSI_STDIO=1 conftest.c >&5
configure:8077: $? = 0
configure:8077: result: yes
configure:8077: checking for sys/stat.h
configure:8077: gcc -c -mthreads -mtune=generic -O2 -pipe -Wall -O3 -fPIC -D_LARGE_FILE_API -D_LARGEFILE64_SOURCE -D_FILE_OFFSET_BITS=64 -D_FORTIFY_SOURCE=2 -D__USE_MINGW_ANSI_STDIO=1 conftest.c >&5
configure:8077: $? = 0
configure:8077: result: yes
configure:8077: checking for stdlib.h
configure:8077: gcc -c -mthreads -mtune=generic -O2 -pipe -Wall -O3 -fPIC -D_LARGE_FILE_API -D_LARGEFILE64_SOURCE -D_FILE_OFFSET_BITS=64 -D_FORTIFY_SOURCE=2 -D__USE_MINGW_ANSI_STDIO=1 conftest.c >&5
configure:8077: $? = 0
configure:8077: result: yes
configure:8077: checking for string.h
configure:8077: gcc -c -mthreads -mtune=generic -O2 -pipe -Wall -O3 -fPIC -D_LARGE_FILE_API -D_LARGEFILE64_SOURCE -D_FILE_OFFSET_BITS=64 -D_FORTIFY_SOURCE=2 -D__USE_MINGW_ANSI_STDIO=1 conftest.c >&5
configure:8077: $? = 0
configure:8077: result: yes
configure:8077: checking for memory.h
configure:8077: gcc -c -mthreads -mtune=generic -O2 -pipe -Wall -O3 -fPIC -D_LARGE_FILE_API -D_LARGEFILE64_SOURCE -D_FILE_OFFSET_BITS=64 -D_FORTIFY_SOURCE=2 -D__USE_MINGW_ANSI_STDIO=1 conftest.c >&5
configure:8077: $? = 0
configure:8077: result: yes
configure:8077: checking for strings.h
configure:8077: gcc -c -mthreads -mtune=generic -O2 -pipe -Wall -O3 -fPIC -D_LARGE_FILE_API -D_LARGEFILE64_SOURCE -D_FILE_OFFSET_BITS=64 -D_FORTIFY_SOURCE=2 -D__USE_MINGW_ANSI_STDIO=1 conftest.c >&5
configure:8077: $? = 0
configure:8077: result: yes
configure:8077: checking for inttypes.h
configure:8077: gcc -c -mthreads -mtune=generic -O2 -pipe -Wall -O3 -fPIC -D_LARGE_FILE_API -D_LARGEFILE64_SOURCE -D_FILE_OFFSET_BITS=64 -D_FORTIFY_SOURCE=2 -D__USE_MINGW_ANSI_STDIO=1 conftest.c >&5
configure:8077: $? = 0
configure:8077: result: yes
configure:8077: checking for stdint.h
configure:8077: gcc -c -mthreads -mtune=generic -O2 -pipe -Wall -O3 -fPIC -D_LARGE_FILE_API -D_LARGEFILE64_SOURCE -D_FILE_OFFSET_BITS=64 -D_FORTIFY_SOURCE=2 -D__USE_MINGW_ANSI_STDIO=1 conftest.c >&5
configure:8077: $? = 0
configure:8077: result: yes
configure:8077: checking for unistd.h
configure:8077: gcc -c -mthreads -mtune=generic -O2 -pipe -Wall -O3 -fPIC -D_LARGE_FILE_API -D_LARGEFILE64_SOURCE -D_FILE_OFFSET_BITS=64 -D_FORTIFY_SOURCE=2 -D__USE_MINGW_ANSI_STDIO=1 conftest.c >&5
configure:8077: $? = 0
configure:8077: result: yes
configure:8091: checking for dlfcn.h
configure:8091: gcc -c -mthreads -mtune=generic -O2 -pipe -Wall -O3 -fPIC -D_LARGE_FILE_API -D_LARGEFILE64_SOURCE -D_FILE_OFFSET_BITS=64 -D_FORTIFY_SOURCE=2 -D__USE_MINGW_ANSI_STDIO=1 conftest.c >&5
configure:8091: $? = 0
configure:8091: result: yes
configure:8358: checking for objdir
configure:8373: result: .libs
configure:8637: checking if gcc supports -fno-rtti -fno-exceptions
configure:8655: gcc -c -mthreads -mtune=generic -O2 -pipe -Wall -O3 -fPIC -D_LARGE_FILE_API -D_LARGEFILE64_SOURCE -D_FILE_OFFSET_BITS=64 -D_FORTIFY_SOURCE=2 -D__USE_MINGW_ANSI_STDIO=1 -fno-rtti -fno-exceptions conftest.c >&5
cc1.exe: warning: command line option '-fno-rtti' is valid for C++/ObjC++ but not for C
configure:8659: $? = 0
configure:8672: result: no
configure:9030: checking for gcc option to produce PIC
configure:9037: result: -DDLL_EXPORT -DPIC
configure:9045: checking if gcc PIC flag -DDLL_EXPORT -DPIC works
configure:9063: gcc -c -mthreads -mtune=generic -O2 -pipe -Wall -O3 -fPIC -D_LARGE_FILE_API -D_LARGEFILE64_SOURCE -D_FILE_OFFSET_BITS=64 -D_FORTIFY_SOURCE=2 -D__USE_MINGW_ANSI_STDIO=1 -DDLL_EXPORT -DPIC -DPIC conftest.c >&5
configure:9067: $? = 0
configure:9080: result: yes
configure:9109: checking if gcc static flag -static works
configure:9137: result: yes
configure:9152: checking if gcc supports -c -o file.o
configure:9173: gcc -c -mthreads -mtune=generic -O2 -pipe -Wall -O3 -fPIC -D_LARGE_FILE_API -D_LARGEFILE64_SOURCE -D_FILE_OFFSET_BITS=64 -D_FORTIFY_SOURCE=2 -D__USE_MINGW_ANSI_STDIO=1 -o out/conftest2.o conftest.c >&5
configure:9177: $? = 0
configure:9199: result: yes
configure:9207: checking if gcc supports -c -o file.o
configure:9254: result: yes
configure:9287: checking whether the gcc linker (C:/media_autobuild/msys64/mingw64/x86_64-w64-mingw32/bin/ld.exe) supports shared libraries
configure:10546: result: yes
configure:10583: checking whether -lc should be explicitly linked in
configure:10591: gcc -c -mthreads -mtune=generic -O2 -pipe -Wall -O3 -fPIC -D_LARGE_FILE_API -D_LARGEFILE64_SOURCE -D_FILE_OFFSET_BITS=64 -D_FORTIFY_SOURCE=2 -D__USE_MINGW_ANSI_STDIO=1 conftest.c >&5
configure:10594: $? = 0
configure:10609: gcc -shared conftest.o  -v -o ./conftest -Wl,--enable-auto-image-base -Xlinker --out-implib -Xlinker conftest 2\>\&1 \| /usr/bin/grep  -lc  \>/dev/null 2\>\&1
configure:10612: $? = 1
configure:10626: result: yes
configure:10786: checking dynamic linker characteristics
configure:11617: result: Win32 ld.exe
configure:11739: checking how to hardcode library paths into programs
configure:11764: result: immediate
configure:12312: checking whether stripping libraries is possible
configure:12317: result: yes
configure:12352: checking if libtool supports shared libraries
configure:12354: result: yes
configure:12357: checking whether to build shared libraries
configure:12382: result: yes
configure:12385: checking whether to build static libraries
configure:12389: result: no
configure:12412: checking how to run the C++ preprocessor
configure:12439: g++ -E -D_FORTIFY_SOURCE=2 -D__USE_MINGW_ANSI_STDIO=1 conftest.cpp
configure:12439: $? = 0
configure:12453: g++ -E -D_FORTIFY_SOURCE=2 -D__USE_MINGW_ANSI_STDIO=1 conftest.cpp
conftest.cpp:23:10: fatal error: ac_nonexistent.h: No such file or directory
 #include <ac_nonexistent.h>
          ^~~~~~~~~~~~~~~~~~
compilation terminated.
configure:12453: $? = 1
configure: failed program was:
| /* confdefs.h */
| #define PACKAGE_NAME "uriparser"
| #define PACKAGE_TARNAME "uriparser"
| #define PACKAGE_VERSION "0.8.4"
| #define PACKAGE_STRING "uriparser 0.8.4"
| #define PACKAGE_BUGREPORT ""
| #define PACKAGE_URL ""
| #define PACKAGE "uriparser"
| #define VERSION "0.8.4"
| #define STDC_HEADERS 1
| #define HAVE_SYS_TYPES_H 1
| #define HAVE_SYS_STAT_H 1
| #define HAVE_STDLIB_H 1
| #define HAVE_STRING_H 1
| #define HAVE_MEMORY_H 1
| #define HAVE_STRINGS_H 1
| #define HAVE_INTTYPES_H 1
| #define HAVE_STDINT_H 1
| #define HAVE_UNISTD_H 1
| #define HAVE_DLFCN_H 1
| #define LT_OBJDIR ".libs/"
| /* end confdefs.h.  */
| #include <ac_nonexistent.h>
configure:12478: result: g++ -E
configure:12498: g++ -E -D_FORTIFY_SOURCE=2 -D__USE_MINGW_ANSI_STDIO=1 conftest.cpp
configure:12498: $? = 0
configure:12512: g++ -E -D_FORTIFY_SOURCE=2 -D__USE_MINGW_ANSI_STDIO=1 conftest.cpp
conftest.cpp:23:10: fatal error: ac_nonexistent.h: No such file or directory
 #include <ac_nonexistent.h>
          ^~~~~~~~~~~~~~~~~~
compilation terminated.
configure:12512: $? = 1
configure: failed program was:
| /* confdefs.h */
| #define PACKAGE_NAME "uriparser"
| #define PACKAGE_TARNAME "uriparser"
| #define PACKAGE_VERSION "0.8.4"
| #define PACKAGE_STRING "uriparser 0.8.4"
| #define PACKAGE_BUGREPORT ""
| #define PACKAGE_URL ""
| #define PACKAGE "uriparser"
| #define VERSION "0.8.4"
| #define STDC_HEADERS 1
| #define HAVE_SYS_TYPES_H 1
| #define HAVE_SYS_STAT_H 1
| #define HAVE_STDLIB_H 1
| #define HAVE_STRING_H 1
| #define HAVE_MEMORY_H 1
| #define HAVE_STRINGS_H 1
| #define HAVE_INTTYPES_H 1
| #define HAVE_STDINT_H 1
| #define HAVE_UNISTD_H 1
| #define HAVE_DLFCN_H 1
| #define LT_OBJDIR ".libs/"
| /* end confdefs.h.  */
| #include <ac_nonexistent.h>
configure:12674: checking for ld used by g++
configure:12741: result: C:/media_autobuild/msys64/mingw64/x86_64-w64-mingw32/bin/ld.exe
configure:12748: checking if the linker (C:/media_autobuild/msys64/mingw64/x86_64-w64-mingw32/bin/ld.exe) is GNU ld
configure:12763: result: yes
configure:12818: checking whether the g++ linker (C:/media_autobuild/msys64/mingw64/x86_64-w64-mingw32/bin/ld.exe) supports shared libraries
configure:13891: result: yes
configure:13927: g++ -c -mthreads -mtune=generic -O2 -pipe -D_FORTIFY_SOURCE=2 -D__USE_MINGW_ANSI_STDIO=1 conftest.cpp >&5
configure:13930: $? = 0
configure:14411: checking for g++ option to produce PIC
configure:14418: result: -DDLL_EXPORT -DPIC
configure:14426: checking if g++ PIC flag -DDLL_EXPORT -DPIC works
configure:14444: g++ -c -mthreads -mtune=generic -O2 -pipe -D_FORTIFY_SOURCE=2 -D__USE_MINGW_ANSI_STDIO=1 -DDLL_EXPORT -DPIC -DPIC conftest.cpp >&5
configure:14448: $? = 0
configure:14461: result: yes
configure:14484: checking if g++ static flag -static works
configure:14512: result: yes
configure:14524: checking if g++ supports -c -o file.o
configure:14545: g++ -c -mthreads -mtune=generic -O2 -pipe -D_FORTIFY_SOURCE=2 -D__USE_MINGW_ANSI_STDIO=1 -o out/conftest2.o conftest.cpp >&5
configure:14549: $? = 0
configure:14571: result: yes
configure:14576: checking if g++ supports -c -o file.o
configure:14623: result: yes
configure:14653: checking whether the g++ linker (C:/media_autobuild/msys64/mingw64/x86_64-w64-mingw32/bin/ld.exe) supports shared libraries
configure:14693: result: yes
configure:14834: checking dynamic linker characteristics
configure:15592: result: Win32 ld.exe
configure:15657: checking how to hardcode library paths into programs
configure:15682: result: immediate
configure:15743: checking for ANSI C header files
configure:15847: result: yes
configure:15874: checking for wprintf
configure:15887: gcc -o conftest.exe -mthreads -mtune=generic -O2 -pipe -Wall -O3 -fPIC -D_LARGE_FILE_API -D_LARGEFILE64_SOURCE -D_FILE_OFFSET_BITS=64 -D_FORTIFY_SOURCE=2 -D__USE_MINGW_ANSI_STDIO=1 -pipe -static-libgcc -static-libstdc++ conftest.c  >&5
conftest.c: In function 'main':
conftest.c:28:6: warning: null argument where non-null required (argument 1) [-Wnonnull]
      wprintf((wchar_t *)0, 0);
      ^~~~~~~
configure:15887: $? = 0
configure:15892: result: yes
configure:16449: checking that generated files are newer than configure
configure:16455: result: done
configure:16494: creating ./config.status

## ---------------- ##
## Cache variables. ##
## ---------------- ##

ac_cv_build=x86_64-w64-mingw32
ac_cv_c_compiler_gnu=yes
ac_cv_cxx_compiler_gnu=yes
ac_cv_env_CCC_set=
ac_cv_env_CCC_value=
ac_cv_env_CC_set=set
ac_cv_env_CC_value=gcc
ac_cv_env_CFLAGS_set=set
ac_cv_env_CFLAGS_value='-mthreads -mtune=generic -O2 -pipe -Wall -O3 -fPIC -D_LARGE_FILE_API -D_LARGEFILE64_SOURCE -D_FILE_OFFSET_BITS=64'
ac_cv_env_CPPFLAGS_set=set
ac_cv_env_CPPFLAGS_value='-D_FORTIFY_SOURCE=2 -D__USE_MINGW_ANSI_STDIO=1'
ac_cv_env_CPPTEST_CFLAGS_set=
ac_cv_env_CPPTEST_CFLAGS_value=
ac_cv_env_CPPTEST_LIBS_set=
ac_cv_env_CPPTEST_LIBS_value=
ac_cv_env_CPP_set=
ac_cv_env_CPP_value=
ac_cv_env_CXXCPP_set=
ac_cv_env_CXXCPP_value=
ac_cv_env_CXXFLAGS_set=set
ac_cv_env_CXXFLAGS_value='-mthreads -mtune=generic -O2 -pipe'
ac_cv_env_CXX_set=
ac_cv_env_CXX_value=
ac_cv_env_LDFLAGS_set=set
ac_cv_env_LDFLAGS_value='-pipe -static-libgcc -static-libstdc++'
ac_cv_env_LIBS_set=
ac_cv_env_LIBS_value=
ac_cv_env_LT_SYS_LIBRARY_PATH_set=
ac_cv_env_LT_SYS_LIBRARY_PATH_value=
ac_cv_env_PKG_CONFIG_LIBDIR_set=
ac_cv_env_PKG_CONFIG_LIBDIR_value=
ac_cv_env_PKG_CONFIG_PATH_set=set
ac_cv_env_PKG_CONFIG_PATH_value=/local64/lib/pkgconfig:/mingw64/lib/pkgconfig
ac_cv_env_PKG_CONFIG_set=set
ac_cv_env_PKG_CONFIG_value='/mingw64/bin/pkg-config --static'
ac_cv_env_build_alias_set=
ac_cv_env_build_alias_value=
ac_cv_env_host_alias_set=
ac_cv_env_host_alias_value=
ac_cv_env_target_alias_set=
ac_cv_env_target_alias_value=
ac_cv_exeext=.exe
ac_cv_header_dlfcn_h=yes
ac_cv_header_inttypes_h=yes
ac_cv_header_memory_h=yes
ac_cv_header_stdc=yes
ac_cv_header_stdint_h=yes
ac_cv_header_stdlib_h=yes
ac_cv_header_string_h=yes
ac_cv_header_strings_h=yes
ac_cv_header_sys_stat_h=yes
ac_cv_header_sys_types_h=yes
ac_cv_header_unistd_h=yes
ac_cv_host=x86_64-w64-mingw32
ac_cv_objext=o
ac_cv_path_EGREP='/usr/bin/grep -E'
ac_cv_path_FGREP='/usr/bin/grep -F'
ac_cv_path_GREP=/usr/bin/grep
ac_cv_path_SED=/usr/bin/sed
ac_cv_path_install='/usr/bin/install -c'
ac_cv_path_lt_DD=/usr/bin/dd
ac_cv_path_mkdir=/usr/bin/mkdir
ac_cv_prog_AWK=gawk
ac_cv_prog_CPP='gcc -E'
ac_cv_prog_CXXCPP='g++ -E'
ac_cv_prog_ac_ct_AR=ar
ac_cv_prog_ac_ct_CC=gcc
ac_cv_prog_ac_ct_CXX=g++
ac_cv_prog_ac_ct_DLLTOOL=dlltool
ac_cv_prog_ac_ct_OBJDUMP=objdump
ac_cv_prog_ac_ct_RANLIB=ranlib
ac_cv_prog_ac_ct_STRIP=strip
ac_cv_prog_cc_c89=
ac_cv_prog_cc_g=yes
ac_cv_prog_cxx_g=yes
ac_cv_prog_make_make_set=yes
am_cv_CC_dependencies_compiler_type=gcc3
am_cv_CXX_dependencies_compiler_type=gcc3
am_cv_make_support_nested_variables=yes
am_cv_prog_cc_c_o=yes
lt_cv_ar_at_file=@
lt_cv_archive_cmds_need_lc=yes
lt_cv_deplibs_check_method='file_magic ^x86 archive import|^x86 DLL'
lt_cv_file_magic_cmd=func_win32_libid
lt_cv_file_magic_test_file=
lt_cv_ld_reload_flag=-r
lt_cv_nm_interface='BSD nm'
lt_cv_objdir=.libs
lt_cv_path_LD=C:/media_autobuild/msys64/mingw64/x86_64-w64-mingw32/bin/ld.exe
lt_cv_path_LDCXX=C:/media_autobuild/msys64/mingw64/x86_64-w64-mingw32/bin/ld.exe
lt_cv_path_NM='/mingw64/bin/nm -B'
lt_cv_path_mainfest_tool=no
lt_cv_prog_compiler_c_o=yes
lt_cv_prog_compiler_c_o_CXX=yes
lt_cv_prog_compiler_pic='-DDLL_EXPORT -DPIC'
lt_cv_prog_compiler_pic_CXX='-DDLL_EXPORT -DPIC'
lt_cv_prog_compiler_pic_works=yes
lt_cv_prog_compiler_pic_works_CXX=yes
lt_cv_prog_compiler_rtti_exceptions=no
lt_cv_prog_compiler_static_works=yes
lt_cv_prog_compiler_static_works_CXX=yes
lt_cv_prog_gnu_ld=yes
lt_cv_prog_gnu_ldcxx=yes
lt_cv_sharedlib_from_linklib_cmd=func_cygming_dll_for_implib
lt_cv_sys_global_symbol_pipe='sed -n -e '\''s/^.*[	 ]\([ABCDGIRSTW][ABCDGIRSTW]*\)[	 ][	 ]*\([_A-Za-z][_A-Za-z0-9]*\)\{0,1\}$/\1 \2 \2/p'\'' | sed '\''/ __gnu_lto/d'\'''
lt_cv_sys_global_symbol_to_c_name_address='sed -n -e '\''s/^: \(.*\) .*$/  {"\1", (void *) 0},/p'\'' -e '\''s/^[ABCDGIRSTW][ABCDGIRSTW]* .* \(.*\)$/  {"\1", (void *) \&\1},/p'\'''
lt_cv_sys_global_symbol_to_c_name_address_lib_prefix='sed -n -e '\''s/^: \(.*\) .*$/  {"\1", (void *) 0},/p'\'' -e '\''s/^[ABCDGIRSTW][ABCDGIRSTW]* .* \(lib.*\)$/  {"\1", (void *) \&\1},/p'\'' -e '\''s/^[ABCDGIRSTW][ABCDGIRSTW]* .* \(.*\)$/  {"lib\1", (void *) \&\1},/p'\'''
lt_cv_sys_global_symbol_to_cdecl='sed -n -e '\''s/^T .* \(.*\)$/extern int \1();/p'\'' -e '\''s/^[ABCDGIRSTW][ABCDGIRSTW]* .* \(.*\)$/extern char \1;/p'\'''
lt_cv_sys_global_symbol_to_import=
lt_cv_sys_max_cmd_len=8192
lt_cv_to_host_file_cmd=func_convert_file_msys_to_w32
lt_cv_to_tool_file_cmd=func_convert_file_msys_to_w32
lt_cv_truncate_bin='/usr/bin/dd bs=4096 count=1'

## ----------------- ##
## Output variables. ##
## ----------------- ##

ACLOCAL='aclocal-1.15'
AMDEPBACKSLASH='\'
AMDEP_FALSE='#'
AMDEP_TRUE=''
AMTAR='$${TAR-tar}'
AM_BACKSLASH='\'
AM_DEFAULT_V='$(AM_DEFAULT_VERBOSITY)'
AM_DEFAULT_VERBOSITY='1'
AM_V='$(V)'
AR='ar'
AUTOCONF='autoconf'
AUTOHEADER='autoheader'
AUTOMAKE='automake-1.15'
AWK='gawk'
CC='gcc'
CCDEPMODE='depmode=gcc3'
CFLAGS='-mthreads -mtune=generic -O2 -pipe -Wall -O3 -fPIC -D_LARGE_FILE_API -D_LARGEFILE64_SOURCE -D_FILE_OFFSET_BITS=64'
CPP='gcc -E'
CPPFLAGS='-I/trunk/MediaProcessors_selfcontained/arch_x86_64_windows/uriparser/../../3rdplibs/uriparser/include -D_FORTIFY_SOURCE=2 -D__USE_MINGW_ANSI_STDIO=1 -DURI_NO_UNICODE'
CPPTEST_CFLAGS=''
CPPTEST_LIBS=''
CXX='g++'
CXXCPP='g++ -E'
CXXDEPMODE='depmode=gcc3'
CXXFLAGS='-mthreads -mtune=generic -O2 -pipe'
CYGPATH_W='cygpath -w'
DEFS='-DHAVE_CONFIG_H'
DEPDIR='.deps'
DLLTOOL='dlltool'
DOXY_CHECK=''
DSYMUTIL=''
DUMPBIN=''
ECHO_C=''
ECHO_N='-n'
ECHO_T=''
EGREP='/usr/bin/grep -E'
EXEEXT='.exe'
FGREP='/usr/bin/grep -F'
GENERATE_HTMLHELP=''
GRAPHVIZ_CHECK=''
GREP='/usr/bin/grep'
INSTALL_DATA='${INSTALL} -m 644'
INSTALL_PROGRAM='${INSTALL}'
INSTALL_SCRIPT='${INSTALL}'
INSTALL_STRIP_PROGRAM='$(install_sh) -c -s'
LD='C:/media_autobuild/msys64/mingw64/x86_64-w64-mingw32/bin/ld.exe'
LDFLAGS='-pipe -static-libgcc -static-libstdc++'
LIBOBJS=''
LIBS=''
LIBTOOL='$(SHELL) $(top_builddir)/libtool'
LIPO=''
LN_S='cp -pR'
LTLIBOBJS=''
LT_SYS_LIBRARY_PATH=''
MAKEINFO='makeinfo'
MANIFEST_TOOL=':'
MKDIR_P='/usr/bin/mkdir -p'
NM='/mingw64/bin/nm -B'
NMEDIT=''
OBJDUMP='objdump'
OBJEXT='o'
OTOOL64=''
OTOOL=''
PACKAGE='uriparser'
PACKAGE_BUGREPORT=''
PACKAGE_NAME='uriparser'
PACKAGE_STRING='uriparser 0.8.4'
PACKAGE_TARNAME='uriparser'
PACKAGE_URL=''
PACKAGE_VERSION='0.8.4'
PATH_SEPARATOR=':'
PKG_CONFIG='/mingw64/bin/pkg-config --static'
PKG_CONFIG_LIBDIR=''
PKG_CONFIG_PATH='/local64/lib/pkgconfig:/mingw64/lib/pkgconfig'
QHG_LOCATION=''
RANLIB='ranlib'
SED='/usr/bin/sed'
SET_MAKE=''
SHELL='/bin/sh'
STRIP='strip'
URI_GENERATE_DOC_FALSE=''
URI_GENERATE_DOC_TRUE='#'
URI_TEST_ENABLED_FALSE=''
URI_TEST_ENABLED_TRUE='#'
VERSION='0.8.4'
WIN32_FALSE='#'
WIN32_TRUE=''
ac_abs_confdir='/trunk/MediaProcessors_selfcontained/3rdplibs/uriparser'
ac_ct_AR='ar'
ac_ct_CC='gcc'
ac_ct_CXX='g++'
ac_ct_DUMPBIN=''
am__EXEEXT_FALSE='#'
am__EXEEXT_TRUE=''
am__fastdepCC_FALSE='#'
am__fastdepCC_TRUE=''
am__fastdepCXX_FALSE='#'
am__fastdepCXX_TRUE=''
am__include='include'
am__isrc=' -I$(srcdir)'
am__leading_dot='.'
am__nodep='_no'
am__quote=''
am__tar='$${TAR-tar} chof - "$$tardir"'
am__untar='$${TAR-tar} xf -'
bindir='${exec_prefix}/bin'
build='x86_64-w64-mingw32'
build_alias='x86_64-w64-mingw32'
build_cpu='x86_64'
build_os='mingw32'
build_vendor='w64'
datadir='${datarootdir}'
datarootdir='${prefix}/share'
docdir='${datarootdir}/doc/${PACKAGE_TARNAME}'
dvidir='${docdir}'
exec_prefix='${prefix}'
host='x86_64-w64-mingw32'
host_alias=''
host_cpu='x86_64'
host_os='mingw32'
host_vendor='w64'
htmldir='${docdir}'
includedir='${prefix}/include'
infodir='${datarootdir}/info'
install_sh='${SHELL} /trunk/MediaProcessors_selfcontained/3rdplibs/uriparser/build-aux/install-sh'
libdir='${exec_prefix}/lib'
libexecdir='${exec_prefix}/libexec'
localedir='${datarootdir}/locale'
localstatedir='${prefix}/var'
mandir='${datarootdir}/man'
mkdir_p='$(MKDIR_P)'
oldincludedir='/usr/include'
pdfdir='${docdir}'
prefix='/trunk/MediaProcessors_selfcontained/_install_dir_x86_64'
program_transform_name='s,x,x,'
psdir='${docdir}'
sbindir='${exec_prefix}/sbin'
sharedstatedir='${prefix}/com'
sysconfdir='${prefix}/etc'
target_alias=''

## ----------- ##
## confdefs.h. ##
## ----------- ##

/* confdefs.h */
#define PACKAGE_NAME "uriparser"
#define PACKAGE_TARNAME "uriparser"
#define PACKAGE_VERSION "0.8.4"
#define PACKAGE_STRING "uriparser 0.8.4"
#define PACKAGE_BUGREPORT ""
#define PACKAGE_URL ""
#define PACKAGE "uriparser"
#define VERSION "0.8.4"
#define STDC_HEADERS 1
#define HAVE_SYS_TYPES_H 1
#define HAVE_SYS_STAT_H 1
#define HAVE_STDLIB_H 1
#define HAVE_STRING_H 1
#define HAVE_MEMORY_H 1
#define HAVE_STRINGS_H 1
#define HAVE_INTTYPES_H 1
#define HAVE_STDINT_H 1
#define HAVE_UNISTD_H 1
#define HAVE_DLFCN_H 1
#define LT_OBJDIR ".libs/"
#define STDC_HEADERS 1
#define HAVE_WPRINTF /**/

configure: exit 0

## ---------------------- ##
## Running config.status. ##
## ---------------------- ##

This file was extended by uriparser config.status 0.8.4, which was
generated by GNU Autoconf 2.69.  Invocation command line was

  CONFIG_FILES    = 
  CONFIG_HEADERS  = 
  CONFIG_LINKS    = 
  CONFIG_COMMANDS = 
  $ ./config.status 

on ESMALARCON-C2

config.status:1188: creating liburiparser.pc
config.status:1188: creating Makefile
config.status:1188: creating doc/Makefile
config.status:1188: creating doc/Doxyfile
config.status:1188: creating doc/release.sh
config.status:1188: creating test/config.h
config.status:1354: test/config.h is unchanged
config.status:1402: executing depfiles commands
config.status:1402: executing libtool commands
