This file contains any messages produced by compilers while
running configure, to aid debugging if configure makes a mistake.

It was created by yasm configure 1.3.0.37.g8b4e9, which was
generated by GNU Autoconf 2.69.  Invocation command line was

  $ /trunk/MediaProcessors_selfcontained/arch_x86_64_windows/yasm/../../3rdplibs/yasm/configure --prefix=/trunk/MediaProcessors_selfcontained/_install_dir_x86_64 --enable-maintainer-mode

## --------- ##
## Platform. ##
## --------- ##

hostname = ESMALARCON-C2
uname -m = x86_64
uname -r = 2.10.0(0.325/5/3)
uname -s = MINGW64_NT-6.1
uname -v = 2018-02-09 15:25

/usr/bin/uname -p = unknown
/bin/uname -X     = unknown

/bin/arch              = x86_64
/usr/bin/arch -k       = unknown
/usr/convex/getsysinfo = unknown
/usr/bin/hostinfo      = unknown
/bin/machine           = unknown
/usr/bin/oslevel       = unknown
/bin/universe          = unknown

PATH: /local64/bin-audio
PATH: /local64/bin-global
PATH: /local64/bin-video
PATH: /local64/bin
PATH: /mingw64/bin
PATH: /local64/share/info
PATH: /mingw64/share/info
PATH: /usr/share/info
PATH: /usr/local/bin
PATH: /usr/bin
PATH: /bin
PATH: /c/Python27/Scripts
PATH: /c/Python27
PATH: /c/Python35/Scripts
PATH: /c/Python35
PATH: /c/Program Files/Broadcom/Broadcom 802.11
PATH: /c/ProgramData/Oracle/Java/javapath
PATH: /c/WINDOWS/system32
PATH: /c/WINDOWS
PATH: /c/WINDOWS/System32/Wbem
PATH: /c/WINDOWS/System32/WindowsPowerShell/v1.0
PATH: /c/Program Files/WIDCOMM/Bluetooth Software
PATH: /c/Program Files/WIDCOMM/Bluetooth Software/syswow64
PATH: /c/Program Files (x86)/GitExtensions
PATH: /c/Program Files/OpenVPN/bin
PATH: /c/Program Files (x86)/WebEx/Productivity Tools
PATH: /c/Program Files (x86)/SafeCom/SafeComPrintClient
PATH: /c/Program Files/dotnet
PATH: /c/Program Files (x86)/PuTTY
PATH: /c/Program Files (x86)/Sennheiser/SoftphoneSDK
PATH: /c/Program Files (x86)/Microsoft SQL Server/100/Tools/Binn
PATH: /c/Program Files/Microsoft SQL Server/100/Tools/Binn
PATH: /c/Program Files/Microsoft SQL Server/100/DTS/Binn
PATH: /c/Python27/Scripts
PATH: /c/Python27
PATH: /c/Python35/Scripts
PATH: /c/Python35
PATH: /c/Program Files/Broadcom/Broadcom 802.11
PATH: /c/ProgramData/Oracle/Java/javapath
PATH: /c/WINDOWS/system32
PATH: /c/WINDOWS
PATH: /c/WINDOWS/System32/Wbem
PATH: /c/WINDOWS/System32/WindowsPowerShell/v1.0
PATH: /c/Program Files/WIDCOMM/Bluetooth Software
PATH: /c/Program Files/WIDCOMM/Bluetooth Software/syswow64
PATH: /c/Program Files (x86)/GitExtensions
PATH: /c/Program Files/OpenVPN/bin
PATH: /c/Program Files (x86)/WebEx/Productivity Tools
PATH: /c/Program Files (x86)/SafeCom/SafeComPrintClient
PATH: /c/Program Files (x86)/Sennheiser/SoftphoneSDK
PATH: /c/Program Files/dotnet
PATH: /c/workspace/windows
PATH: /usr/bin/site_perl
PATH: /usr/bin/vendor_perl
PATH: /usr/bin/core_perl
PATH: /usr/bin/site_perl
PATH: /usr/bin/vendor_perl
PATH: /usr/bin/core_perl


## ----------- ##
## Core tests. ##
## ----------- ##

configure:2390: loading site script /mingw64/etc/config.site
| # This file is in public domain.
| # Original author: Karlson2k (Evgeny Grin)
| # Written for MSys2/MinGW64 to help running 'configure' scripts
| 
| # Defaults for MinGW64-targeted programs
| 
| # Set proper selfname on bash and fallback to default name on other shells
| test -n "${BASH_SOURCE}" 2>/dev/null && config_site_me="${BASH_SOURCE[0]##*/}" || config_site_me=config.site
| 
| # Set default 'host' to speedup configure
| if test -z "$build_alias"; then
|   build_alias="${MSYSTEM_CHOST-x86_64-w64-mingw32}" && \
|     $as_echo "$config_site_me:${as_lineno-$LINENO}: default build_alias set to $build_alias" >&5 
| fi
| 
| # Set default 'prefix' to "/mingw64"
| if ( test -z "$prefix" || test "x$prefix" = "xNONE" ) && \
|    ( test -z "$exec_prefix" || test "x$exec_prefix" = "xNONE" ); then
|   prefix="${MSYSTEM_PREFIX-/mingw64}" && \
|     $as_echo "$config_site_me:${as_lineno-$LINENO}: default prefix set to $prefix" >&5
| fi
config.site:13: default build_alias set to x86_64-w64-mingw32
configure:2536: checking for a BSD-compatible install
configure:2604: result: /usr/bin/install -c
configure:2615: checking whether build environment is sane
configure:2670: result: yes
configure:2821: checking for a thread-safe mkdir -p
configure:2860: result: /usr/bin/mkdir -p
configure:2867: checking for gawk
configure:2883: found /usr/bin/gawk
configure:2894: result: gawk
configure:2905: checking whether make sets $(MAKE)
configure:2927: result: yes
configure:2956: checking whether make supports nested variables
configure:2973: result: yes
configure:3100: checking whether to enable maintainer-specific portions of Makefiles
configure:3109: result: yes
configure:3205: checking for style of include used by make
configure:3233: result: GNU
configure:3304: checking for gcc
configure:3331: result: gcc
configure:3560: checking for C compiler version
configure:3569: gcc --version >&5
gcc.exe (Rev1, Built by MSYS2 project) 7.3.0
Copyright (C) 2017 Free Software Foundation, Inc.
This is free software; see the source for copying conditions.  There is NO
warranty; not even for MERCHANTABILITY or FITNESS FOR A PARTICULAR PURPOSE.

configure:3580: $? = 0
configure:3569: gcc -v >&5
Using built-in specs.
COLLECT_GCC=C:\media_autobuild\msys64\mingw64\bin\gcc.exe
COLLECT_LTO_WRAPPER=C:/media_autobuild/msys64/mingw64/bin/../lib/gcc/x86_64-w64-mingw32/7.3.0/lto-wrapper.exe
Target: x86_64-w64-mingw32
Configured with: ../gcc-7.3.0/configure --prefix=/mingw64 --with-local-prefix=/mingw64/local --build=x86_64-w64-mingw32 --host=x86_64-w64-mingw32 --target=x86_64-w64-mingw32 --with-native-system-header-dir=/mingw64/x86_64-w64-mingw32/include --libexecdir=/mingw64/lib --enable-bootstrap --with-arch=x86-64 --with-tune=generic --enable-languages=c,lto,c++,objc,obj-c++,fortran,ada --enable-shared --enable-static --enable-libatomic --enable-threads=posix --enable-graphite --enable-fully-dynamic-string --enable-libstdcxx-time=yes --enable-libstdcxx-filesystem-ts=yes --disable-libstdcxx-pch --disable-libstdcxx-debug --disable-isl-version-check --enable-lto --enable-libgomp --disable-multilib --enable-checking=release --disable-rpath --disable-win32-registry --disable-nls --disable-werror --disable-symvers --with-libiconv --with-system-zlib --with-gmp=/mingw64 --with-mpfr=/mingw64 --with-mpc=/mingw64 --with-isl=/mingw64 --with-pkgversion='Rev1, Built by MSYS2 project' --with-bugurl=https://sourceforge.net/projects/msys2 --with-gnu-as --with-gnu-ld
Thread model: posix
gcc version 7.3.0 (Rev1, Built by MSYS2 project) 
configure:3580: $? = 0
configure:3569: gcc -V >&5
gcc.exe: error: unrecognized command line option '-V'
gcc.exe: fatal error: no input files
compilation terminated.
configure:3580: $? = 1
configure:3569: gcc -qversion >&5
gcc.exe: error: unrecognized command line option '-qversion'; did you mean '--version'?
gcc.exe: fatal error: no input files
compilation terminated.
configure:3580: $? = 1
configure:3600: checking whether the C compiler works
configure:3622: gcc -mthreads -mtune=generic -O2 -pipe -Wall -O3 -fPIC -D_LARGE_FILE_API -D_LARGEFILE64_SOURCE -D_FILE_OFFSET_BITS=64 -Wall -O3 -fPIC -D_LARGE_FILE_API -D_LARGEFILE64_SOURCE -D_FILE_OFFSET_BITS=64 -Wall -O3 -fPIC -D_LARGE_FILE_API -D_LARGEFILE64_SOURCE -D_FILE_OFFSET_BITS=64 -D_FORTIFY_SOURCE=2 -D__USE_MINGW_ANSI_STDIO=1 -pipe -static-libgcc -static-libstdc++ conftest.c  >&5
configure:3626: $? = 0
configure:3674: result: yes
configure:3677: checking for C compiler default output file name
configure:3679: result: a.exe
configure:3685: checking for suffix of executables
configure:3692: gcc -o conftest.exe -mthreads -mtune=generic -O2 -pipe -Wall -O3 -fPIC -D_LARGE_FILE_API -D_LARGEFILE64_SOURCE -D_FILE_OFFSET_BITS=64 -Wall -O3 -fPIC -D_LARGE_FILE_API -D_LARGEFILE64_SOURCE -D_FILE_OFFSET_BITS=64 -Wall -O3 -fPIC -D_LARGE_FILE_API -D_LARGEFILE64_SOURCE -D_FILE_OFFSET_BITS=64 -D_FORTIFY_SOURCE=2 -D__USE_MINGW_ANSI_STDIO=1 -pipe -static-libgcc -static-libstdc++ conftest.c  >&5
configure:3696: $? = 0
configure:3718: result: .exe
configure:3740: checking whether we are cross compiling
configure:3748: gcc -o conftest.exe -mthreads -mtune=generic -O2 -pipe -Wall -O3 -fPIC -D_LARGE_FILE_API -D_LARGEFILE64_SOURCE -D_FILE_OFFSET_BITS=64 -Wall -O3 -fPIC -D_LARGE_FILE_API -D_LARGEFILE64_SOURCE -D_FILE_OFFSET_BITS=64 -Wall -O3 -fPIC -D_LARGE_FILE_API -D_LARGEFILE64_SOURCE -D_FILE_OFFSET_BITS=64 -D_FORTIFY_SOURCE=2 -D__USE_MINGW_ANSI_STDIO=1 -pipe -static-libgcc -static-libstdc++ conftest.c  >&5
configure:3752: $? = 0
configure:3759: ./conftest.exe
configure:3763: $? = 0
configure:3778: result: no
configure:3783: checking for suffix of object files
configure:3805: gcc -c -mthreads -mtune=generic -O2 -pipe -Wall -O3 -fPIC -D_LARGE_FILE_API -D_LARGEFILE64_SOURCE -D_FILE_OFFSET_BITS=64 -Wall -O3 -fPIC -D_LARGE_FILE_API -D_LARGEFILE64_SOURCE -D_FILE_OFFSET_BITS=64 -Wall -O3 -fPIC -D_LARGE_FILE_API -D_LARGEFILE64_SOURCE -D_FILE_OFFSET_BITS=64 -D_FORTIFY_SOURCE=2 -D__USE_MINGW_ANSI_STDIO=1 conftest.c >&5
configure:3809: $? = 0
configure:3830: result: o
configure:3834: checking whether we are using the GNU C compiler
configure:3853: gcc -c -mthreads -mtune=generic -O2 -pipe -Wall -O3 -fPIC -D_LARGE_FILE_API -D_LARGEFILE64_SOURCE -D_FILE_OFFSET_BITS=64 -Wall -O3 -fPIC -D_LARGE_FILE_API -D_LARGEFILE64_SOURCE -D_FILE_OFFSET_BITS=64 -Wall -O3 -fPIC -D_LARGE_FILE_API -D_LARGEFILE64_SOURCE -D_FILE_OFFSET_BITS=64 -D_FORTIFY_SOURCE=2 -D__USE_MINGW_ANSI_STDIO=1 conftest.c >&5
configure:3853: $? = 0
configure:3862: result: yes
configure:3871: checking whether gcc accepts -g
configure:3891: gcc -c -g -D_FORTIFY_SOURCE=2 -D__USE_MINGW_ANSI_STDIO=1 conftest.c >&5
configure:3891: $? = 0
configure:3932: result: yes
configure:3949: checking for gcc option to accept ISO C89
configure:4012: gcc  -c -mthreads -mtune=generic -O2 -pipe -Wall -O3 -fPIC -D_LARGE_FILE_API -D_LARGEFILE64_SOURCE -D_FILE_OFFSET_BITS=64 -Wall -O3 -fPIC -D_LARGE_FILE_API -D_LARGEFILE64_SOURCE -D_FILE_OFFSET_BITS=64 -Wall -O3 -fPIC -D_LARGE_FILE_API -D_LARGEFILE64_SOURCE -D_FILE_OFFSET_BITS=64 -D_FORTIFY_SOURCE=2 -D__USE_MINGW_ANSI_STDIO=1 conftest.c >&5
configure:4012: $? = 0
configure:4025: result: none needed
configure:4050: checking whether gcc understands -c and -o together
configure:4072: gcc -c conftest.c -o conftest2.o
configure:4075: $? = 0
configure:4072: gcc -c conftest.c -o conftest2.o
configure:4075: $? = 0
configure:4087: result: yes
configure:4106: checking dependency style of gcc
configure:4217: result: gcc3
configure:4237: checking how to run the C preprocessor
configure:4268: gcc -E -D_FORTIFY_SOURCE=2 -D__USE_MINGW_ANSI_STDIO=1 conftest.c
configure:4268: $? = 0
configure:4282: gcc -E -D_FORTIFY_SOURCE=2 -D__USE_MINGW_ANSI_STDIO=1 conftest.c
conftest.c:11:10: fatal error: ac_nonexistent.h: No such file or directory
 #include <ac_nonexistent.h>
          ^~~~~~~~~~~~~~~~~~
compilation terminated.
configure:4282: $? = 1
configure: failed program was:
| /* confdefs.h */
| #define PACKAGE_NAME "yasm"
| #define PACKAGE_TARNAME "yasm"
| #define PACKAGE_VERSION "1.3.0.37.g8b4e9"
| #define PACKAGE_STRING "yasm 1.3.0.37.g8b4e9"
| #define PACKAGE_BUGREPORT "bug-yasm@tortall.net"
| #define PACKAGE_URL ""
| #define PACKAGE "yasm"
| #define VERSION "1.3.0.37.g8b4e9"
| /* end confdefs.h.  */
| #include <ac_nonexistent.h>
configure:4307: result: gcc -E
configure:4327: gcc -E -D_FORTIFY_SOURCE=2 -D__USE_MINGW_ANSI_STDIO=1 conftest.c
configure:4327: $? = 0
configure:4341: gcc -E -D_FORTIFY_SOURCE=2 -D__USE_MINGW_ANSI_STDIO=1 conftest.c
conftest.c:11:10: fatal error: ac_nonexistent.h: No such file or directory
 #include <ac_nonexistent.h>
          ^~~~~~~~~~~~~~~~~~
compilation terminated.
configure:4341: $? = 1
configure: failed program was:
| /* confdefs.h */
| #define PACKAGE_NAME "yasm"
| #define PACKAGE_TARNAME "yasm"
| #define PACKAGE_VERSION "1.3.0.37.g8b4e9"
| #define PACKAGE_STRING "yasm 1.3.0.37.g8b4e9"
| #define PACKAGE_BUGREPORT "bug-yasm@tortall.net"
| #define PACKAGE_URL ""
| #define PACKAGE "yasm"
| #define VERSION "1.3.0.37.g8b4e9"
| /* end confdefs.h.  */
| #include <ac_nonexistent.h>
configure:4373: checking for gcc option to accept ISO C99
configure:4522: gcc  -c -mthreads -mtune=generic -O2 -pipe -Wall -O3 -fPIC -D_LARGE_FILE_API -D_LARGEFILE64_SOURCE -D_FILE_OFFSET_BITS=64 -Wall -O3 -fPIC -D_LARGE_FILE_API -D_LARGEFILE64_SOURCE -D_FILE_OFFSET_BITS=64 -Wall -O3 -fPIC -D_LARGE_FILE_API -D_LARGEFILE64_SOURCE -D_FILE_OFFSET_BITS=64 -D_FORTIFY_SOURCE=2 -D__USE_MINGW_ANSI_STDIO=1 conftest.c >&5
conftest.c: In function 'test_varargs':
conftest.c:82:9: warning: variable 'fnumber' set but not used [-Wunused-but-set-variable]
   float fnumber;
         ^~~~~~~
conftest.c:81:7: warning: variable 'number' set but not used [-Wunused-but-set-variable]
   int number;
       ^~~~~~
conftest.c:80:15: warning: variable 'str' set but not used [-Wunused-but-set-variable]
   const char *str;
               ^~~
configure:4522: $? = 0
configure:4535: result: none needed
configure:4643: checking for gcc option to accept ISO Standard C
configure:4654: result: none needed
configure:4662: checking whether ln -s works
configure:4669: result: no, using cp -pR
configure:4723: checking for ar
configure:4739: found /mingw64/bin/ar
configure:4750: result: ar
configure:4817: checking for ranlib
configure:4833: found /mingw64/bin/ranlib
configure:4844: result: ranlib
configure:4877: checking for xmlto
configure:4893: found /usr/bin/xmlto
configure:4904: result: xmlto
configure:4936: checking if malloc debugging is wanted
configure:4954: result: no
configure:4965: checking for grep that handles long lines and -e
configure:5023: result: /usr/bin/grep
configure:5028: checking for egrep
configure:5090: result: /usr/bin/grep -E
configure:5095: checking for ANSI C header files
configure:5115: gcc -c -mthreads -mtune=generic -O2 -pipe -Wall -O3 -fPIC -D_LARGE_FILE_API -D_LARGEFILE64_SOURCE -D_FILE_OFFSET_BITS=64 -Wall -O3 -fPIC -D_LARGE_FILE_API -D_LARGEFILE64_SOURCE -D_FILE_OFFSET_BITS=64 -Wall -O3 -fPIC -D_LARGE_FILE_API -D_LARGEFILE64_SOURCE -D_FILE_OFFSET_BITS=64 -D_FORTIFY_SOURCE=2 -D__USE_MINGW_ANSI_STDIO=1 conftest.c >&5
configure:5115: $? = 0
configure:5188: gcc -o conftest.exe -mthreads -mtune=generic -O2 -pipe -Wall -O3 -fPIC -D_LARGE_FILE_API -D_LARGEFILE64_SOURCE -D_FILE_OFFSET_BITS=64 -Wall -O3 -fPIC -D_LARGE_FILE_API -D_LARGEFILE64_SOURCE -D_FILE_OFFSET_BITS=64 -Wall -O3 -fPIC -D_LARGE_FILE_API -D_LARGEFILE64_SOURCE -D_FILE_OFFSET_BITS=64 -D_FORTIFY_SOURCE=2 -D__USE_MINGW_ANSI_STDIO=1 -pipe -static-libgcc -static-libstdc++ conftest.c  >&5
configure:5188: $? = 0
configure:5188: ./conftest.exe
configure:5188: $? = 0
configure:5199: result: yes
configure:5212: checking for sys/types.h
configure:5212: gcc -c -mthreads -mtune=generic -O2 -pipe -Wall -O3 -fPIC -D_LARGE_FILE_API -D_LARGEFILE64_SOURCE -D_FILE_OFFSET_BITS=64 -Wall -O3 -fPIC -D_LARGE_FILE_API -D_LARGEFILE64_SOURCE -D_FILE_OFFSET_BITS=64 -Wall -O3 -fPIC -D_LARGE_FILE_API -D_LARGEFILE64_SOURCE -D_FILE_OFFSET_BITS=64 -D_FORTIFY_SOURCE=2 -D__USE_MINGW_ANSI_STDIO=1 conftest.c >&5
configure:5212: $? = 0
configure:5212: result: yes
configure:5212: checking for sys/stat.h
configure:5212: gcc -c -mthreads -mtune=generic -O2 -pipe -Wall -O3 -fPIC -D_LARGE_FILE_API -D_LARGEFILE64_SOURCE -D_FILE_OFFSET_BITS=64 -Wall -O3 -fPIC -D_LARGE_FILE_API -D_LARGEFILE64_SOURCE -D_FILE_OFFSET_BITS=64 -Wall -O3 -fPIC -D_LARGE_FILE_API -D_LARGEFILE64_SOURCE -D_FILE_OFFSET_BITS=64 -D_FORTIFY_SOURCE=2 -D__USE_MINGW_ANSI_STDIO=1 conftest.c >&5
configure:5212: $? = 0
configure:5212: result: yes
configure:5212: checking for stdlib.h
configure:5212: gcc -c -mthreads -mtune=generic -O2 -pipe -Wall -O3 -fPIC -D_LARGE_FILE_API -D_LARGEFILE64_SOURCE -D_FILE_OFFSET_BITS=64 -Wall -O3 -fPIC -D_LARGE_FILE_API -D_LARGEFILE64_SOURCE -D_FILE_OFFSET_BITS=64 -Wall -O3 -fPIC -D_LARGE_FILE_API -D_LARGEFILE64_SOURCE -D_FILE_OFFSET_BITS=64 -D_FORTIFY_SOURCE=2 -D__USE_MINGW_ANSI_STDIO=1 conftest.c >&5
configure:5212: $? = 0
configure:5212: result: yes
configure:5212: checking for string.h
configure:5212: gcc -c -mthreads -mtune=generic -O2 -pipe -Wall -O3 -fPIC -D_LARGE_FILE_API -D_LARGEFILE64_SOURCE -D_FILE_OFFSET_BITS=64 -Wall -O3 -fPIC -D_LARGE_FILE_API -D_LARGEFILE64_SOURCE -D_FILE_OFFSET_BITS=64 -Wall -O3 -fPIC -D_LARGE_FILE_API -D_LARGEFILE64_SOURCE -D_FILE_OFFSET_BITS=64 -D_FORTIFY_SOURCE=2 -D__USE_MINGW_ANSI_STDIO=1 conftest.c >&5
configure:5212: $? = 0
configure:5212: result: yes
configure:5212: checking for memory.h
configure:5212: gcc -c -mthreads -mtune=generic -O2 -pipe -Wall -O3 -fPIC -D_LARGE_FILE_API -D_LARGEFILE64_SOURCE -D_FILE_OFFSET_BITS=64 -Wall -O3 -fPIC -D_LARGE_FILE_API -D_LARGEFILE64_SOURCE -D_FILE_OFFSET_BITS=64 -Wall -O3 -fPIC -D_LARGE_FILE_API -D_LARGEFILE64_SOURCE -D_FILE_OFFSET_BITS=64 -D_FORTIFY_SOURCE=2 -D__USE_MINGW_ANSI_STDIO=1 conftest.c >&5
configure:5212: $? = 0
configure:5212: result: yes
configure:5212: checking for strings.h
configure:5212: gcc -c -mthreads -mtune=generic -O2 -pipe -Wall -O3 -fPIC -D_LARGE_FILE_API -D_LARGEFILE64_SOURCE -D_FILE_OFFSET_BITS=64 -Wall -O3 -fPIC -D_LARGE_FILE_API -D_LARGEFILE64_SOURCE -D_FILE_OFFSET_BITS=64 -Wall -O3 -fPIC -D_LARGE_FILE_API -D_LARGEFILE64_SOURCE -D_FILE_OFFSET_BITS=64 -D_FORTIFY_SOURCE=2 -D__USE_MINGW_ANSI_STDIO=1 conftest.c >&5
configure:5212: $? = 0
configure:5212: result: yes
configure:5212: checking for inttypes.h
configure:5212: gcc -c -mthreads -mtune=generic -O2 -pipe -Wall -O3 -fPIC -D_LARGE_FILE_API -D_LARGEFILE64_SOURCE -D_FILE_OFFSET_BITS=64 -Wall -O3 -fPIC -D_LARGE_FILE_API -D_LARGEFILE64_SOURCE -D_FILE_OFFSET_BITS=64 -Wall -O3 -fPIC -D_LARGE_FILE_API -D_LARGEFILE64_SOURCE -D_FILE_OFFSET_BITS=64 -D_FORTIFY_SOURCE=2 -D__USE_MINGW_ANSI_STDIO=1 conftest.c >&5
configure:5212: $? = 0
configure:5212: result: yes
configure:5212: checking for stdint.h
configure:5212: gcc -c -mthreads -mtune=generic -O2 -pipe -Wall -O3 -fPIC -D_LARGE_FILE_API -D_LARGEFILE64_SOURCE -D_FILE_OFFSET_BITS=64 -Wall -O3 -fPIC -D_LARGE_FILE_API -D_LARGEFILE64_SOURCE -D_FILE_OFFSET_BITS=64 -Wall -O3 -fPIC -D_LARGE_FILE_API -D_LARGEFILE64_SOURCE -D_FILE_OFFSET_BITS=64 -D_FORTIFY_SOURCE=2 -D__USE_MINGW_ANSI_STDIO=1 conftest.c >&5
configure:5212: $? = 0
configure:5212: result: yes
configure:5212: checking for unistd.h
configure:5212: gcc -c -mthreads -mtune=generic -O2 -pipe -Wall -O3 -fPIC -D_LARGE_FILE_API -D_LARGEFILE64_SOURCE -D_FILE_OFFSET_BITS=64 -Wall -O3 -fPIC -D_LARGE_FILE_API -D_LARGEFILE64_SOURCE -D_FILE_OFFSET_BITS=64 -Wall -O3 -fPIC -D_LARGE_FILE_API -D_LARGEFILE64_SOURCE -D_FILE_OFFSET_BITS=64 -D_FORTIFY_SOURCE=2 -D__USE_MINGW_ANSI_STDIO=1 conftest.c >&5
configure:5212: $? = 0
configure:5212: result: yes
configure:5227: checking for strings.h
configure:5227: result: yes
configure:5227: checking libgen.h usability
configure:5227: gcc -c -mthreads -mtune=generic -O2 -pipe -Wall -O3 -fPIC -D_LARGE_FILE_API -D_LARGEFILE64_SOURCE -D_FILE_OFFSET_BITS=64 -Wall -O3 -fPIC -D_LARGE_FILE_API -D_LARGEFILE64_SOURCE -D_FILE_OFFSET_BITS=64 -Wall -O3 -fPIC -D_LARGE_FILE_API -D_LARGEFILE64_SOURCE -D_FILE_OFFSET_BITS=64 -D_FORTIFY_SOURCE=2 -D__USE_MINGW_ANSI_STDIO=1 conftest.c >&5
configure:5227: $? = 0
configure:5227: result: yes
configure:5227: checking libgen.h presence
configure:5227: gcc -E -D_FORTIFY_SOURCE=2 -D__USE_MINGW_ANSI_STDIO=1 conftest.c
configure:5227: $? = 0
configure:5227: result: yes
configure:5227: checking for libgen.h
configure:5227: result: yes
configure:5227: checking for unistd.h
configure:5227: result: yes
configure:5227: checking direct.h usability
configure:5227: gcc -c -mthreads -mtune=generic -O2 -pipe -Wall -O3 -fPIC -D_LARGE_FILE_API -D_LARGEFILE64_SOURCE -D_FILE_OFFSET_BITS=64 -Wall -O3 -fPIC -D_LARGE_FILE_API -D_LARGEFILE64_SOURCE -D_FILE_OFFSET_BITS=64 -Wall -O3 -fPIC -D_LARGE_FILE_API -D_LARGEFILE64_SOURCE -D_FILE_OFFSET_BITS=64 -D_FORTIFY_SOURCE=2 -D__USE_MINGW_ANSI_STDIO=1 conftest.c >&5
configure:5227: $? = 0
configure:5227: result: yes
configure:5227: checking direct.h presence
configure:5227: gcc -E -D_FORTIFY_SOURCE=2 -D__USE_MINGW_ANSI_STDIO=1 conftest.c
configure:5227: $? = 0
configure:5227: result: yes
configure:5227: checking for direct.h
configure:5227: result: yes
configure:5227: checking for sys/stat.h
configure:5227: result: yes
configure:5246: checking for an ANSI C-conforming const
configure:5312: gcc -c -mthreads -mtune=generic -O2 -pipe -Wall -O3 -fPIC -D_LARGE_FILE_API -D_LARGEFILE64_SOURCE -D_FILE_OFFSET_BITS=64 -Wall -O3 -fPIC -D_LARGE_FILE_API -D_LARGEFILE64_SOURCE -D_FILE_OFFSET_BITS=64 -Wall -O3 -fPIC -D_LARGE_FILE_API -D_LARGEFILE64_SOURCE -D_FILE_OFFSET_BITS=64 -D_FORTIFY_SOURCE=2 -D__USE_MINGW_ANSI_STDIO=1 conftest.c >&5
configure:5312: $? = 0
configure:5319: result: yes
configure:5327: checking for inline
configure:5343: gcc -c -mthreads -mtune=generic -O2 -pipe -Wall -O3 -fPIC -D_LARGE_FILE_API -D_LARGEFILE64_SOURCE -D_FILE_OFFSET_BITS=64 -Wall -O3 -fPIC -D_LARGE_FILE_API -D_LARGEFILE64_SOURCE -D_FILE_OFFSET_BITS=64 -Wall -O3 -fPIC -D_LARGE_FILE_API -D_LARGEFILE64_SOURCE -D_FILE_OFFSET_BITS=64 -D_FORTIFY_SOURCE=2 -D__USE_MINGW_ANSI_STDIO=1 conftest.c >&5
configure:5343: $? = 0
configure:5351: result: inline
configure:5369: checking for function prototypes
configure:5372: result: yes
configure:5385: checking for size_t
configure:5385: gcc -c -mthreads -mtune=generic -O2 -pipe -Wall -O3 -fPIC -D_LARGE_FILE_API -D_LARGEFILE64_SOURCE -D_FILE_OFFSET_BITS=64 -Wall -O3 -fPIC -D_LARGE_FILE_API -D_LARGEFILE64_SOURCE -D_FILE_OFFSET_BITS=64 -Wall -O3 -fPIC -D_LARGE_FILE_API -D_LARGEFILE64_SOURCE -D_FILE_OFFSET_BITS=64 -D_FORTIFY_SOURCE=2 -D__USE_MINGW_ANSI_STDIO=1 conftest.c >&5
configure:5385: $? = 0
configure:5385: gcc -c -mthreads -mtune=generic -O2 -pipe -Wall -O3 -fPIC -D_LARGE_FILE_API -D_LARGEFILE64_SOURCE -D_FILE_OFFSET_BITS=64 -Wall -O3 -fPIC -D_LARGE_FILE_API -D_LARGEFILE64_SOURCE -D_FILE_OFFSET_BITS=64 -Wall -O3 -fPIC -D_LARGE_FILE_API -D_LARGEFILE64_SOURCE -D_FILE_OFFSET_BITS=64 -D_FORTIFY_SOURCE=2 -D__USE_MINGW_ANSI_STDIO=1 conftest.c >&5
conftest.c: In function 'main':
conftest.c:64:21: error: expected expression before ')' token
 if (sizeof ((size_t)))
                     ^
configure:5385: $? = 1
configure: failed program was:
| /* confdefs.h */
| #define PACKAGE_NAME "yasm"
| #define PACKAGE_TARNAME "yasm"
| #define PACKAGE_VERSION "1.3.0.37.g8b4e9"
| #define PACKAGE_STRING "yasm 1.3.0.37.g8b4e9"
| #define PACKAGE_BUGREPORT "bug-yasm@tortall.net"
| #define PACKAGE_URL ""
| #define PACKAGE "yasm"
| #define VERSION "1.3.0.37.g8b4e9"
| #define STDC_HEADERS 1
| #define HAVE_SYS_TYPES_H 1
| #define HAVE_SYS_STAT_H 1
| #define HAVE_STDLIB_H 1
| #define HAVE_STRING_H 1
| #define HAVE_MEMORY_H 1
| #define HAVE_STRINGS_H 1
| #define HAVE_INTTYPES_H 1
| #define HAVE_STDINT_H 1
| #define HAVE_UNISTD_H 1
| #define HAVE_STRINGS_H 1
| #define HAVE_LIBGEN_H 1
| #define HAVE_UNISTD_H 1
| #define HAVE_DIRECT_H 1
| #define HAVE_SYS_STAT_H 1
| #define PROTOTYPES 1
| #define __PROTOTYPES 1
| /* end confdefs.h.  */
| #include <stdio.h>
| #ifdef HAVE_SYS_TYPES_H
| # include <sys/types.h>
| #endif
| #ifdef HAVE_SYS_STAT_H
| # include <sys/stat.h>
| #endif
| #ifdef STDC_HEADERS
| # include <stdlib.h>
| # include <stddef.h>
| #else
| # ifdef HAVE_STDLIB_H
| #  include <stdlib.h>
| # endif
| #endif
| #ifdef HAVE_STRING_H
| # if !defined STDC_HEADERS && defined HAVE_MEMORY_H
| #  include <memory.h>
| # endif
| # include <string.h>
| #endif
| #ifdef HAVE_STRINGS_H
| # include <strings.h>
| #endif
| #ifdef HAVE_INTTYPES_H
| # include <inttypes.h>
| #endif
| #ifdef HAVE_STDINT_H
| # include <stdint.h>
| #endif
| #ifdef HAVE_UNISTD_H
| # include <unistd.h>
| #endif
| int
| main ()
| {
| if (sizeof ((size_t)))
| 	    return 0;
|   ;
|   return 0;
| }
configure:5385: result: yes
configure:5397: checking for stdint types
configure:5420: gcc -c   conftest.c >&5
configure:5420: $? = 0
configure:5445: result: stdint.h (shortcircuit)
configure:5825: result: make use of stdint.h in libyasm-stdint.h (assuming C99 compatible system)
configure:5839: checking for abort
configure:5839: gcc -o conftest.exe -mthreads -mtune=generic -O2 -pipe -Wall -O3 -fPIC -D_LARGE_FILE_API -D_LARGEFILE64_SOURCE -D_FILE_OFFSET_BITS=64 -Wall -O3 -fPIC -D_LARGE_FILE_API -D_LARGEFILE64_SOURCE -D_FILE_OFFSET_BITS=64 -Wall -O3 -fPIC -D_LARGE_FILE_API -D_LARGEFILE64_SOURCE -D_FILE_OFFSET_BITS=64 -D_FORTIFY_SOURCE=2 -D__USE_MINGW_ANSI_STDIO=1 -pipe -static-libgcc -static-libstdc++ conftest.c  >&5
conftest.c:51:6: warning: conflicting types for built-in function 'abort' [-Wbuiltin-declaration-mismatch]
 char abort ();
      ^~~~~
configure:5839: $? = 0
configure:5839: result: yes
configure:5839: checking for toascii
configure:5839: gcc -o conftest.exe -mthreads -mtune=generic -O2 -pipe -Wall -O3 -fPIC -D_LARGE_FILE_API -D_LARGEFILE64_SOURCE -D_FILE_OFFSET_BITS=64 -Wall -O3 -fPIC -D_LARGE_FILE_API -D_LARGEFILE64_SOURCE -D_FILE_OFFSET_BITS=64 -Wall -O3 -fPIC -D_LARGE_FILE_API -D_LARGEFILE64_SOURCE -D_FILE_OFFSET_BITS=64 -D_FORTIFY_SOURCE=2 -D__USE_MINGW_ANSI_STDIO=1 -pipe -static-libgcc -static-libstdc++ conftest.c  >&5
conftest.c:52:6: warning: conflicting types for built-in function 'toascii' [-Wbuiltin-declaration-mismatch]
 char toascii ();
      ^~~~~~~
configure:5839: $? = 0
configure:5839: result: yes
configure:5839: checking for vsnprintf
configure:5839: gcc -o conftest.exe -mthreads -mtune=generic -O2 -pipe -Wall -O3 -fPIC -D_LARGE_FILE_API -D_LARGEFILE64_SOURCE -D_FILE_OFFSET_BITS=64 -Wall -O3 -fPIC -D_LARGE_FILE_API -D_LARGEFILE64_SOURCE -D_FILE_OFFSET_BITS=64 -Wall -O3 -fPIC -D_LARGE_FILE_API -D_LARGEFILE64_SOURCE -D_FILE_OFFSET_BITS=64 -D_FORTIFY_SOURCE=2 -D__USE_MINGW_ANSI_STDIO=1 -pipe -static-libgcc -static-libstdc++ conftest.c  >&5
conftest.c:53:6: warning: conflicting types for built-in function 'vsnprintf' [-Wbuiltin-declaration-mismatch]
 char vsnprintf ();
      ^~~~~~~~~
configure:5839: $? = 0
configure:5839: result: yes
configure:5851: checking for strsep
configure:5851: gcc -o conftest.exe -mthreads -mtune=generic -O2 -pipe -Wall -O3 -fPIC -D_LARGE_FILE_API -D_LARGEFILE64_SOURCE -D_FILE_OFFSET_BITS=64 -Wall -O3 -fPIC -D_LARGE_FILE_API -D_LARGEFILE64_SOURCE -D_FILE_OFFSET_BITS=64 -Wall -O3 -fPIC -D_LARGE_FILE_API -D_LARGEFILE64_SOURCE -D_FILE_OFFSET_BITS=64 -D_FORTIFY_SOURCE=2 -D__USE_MINGW_ANSI_STDIO=1 -pipe -static-libgcc -static-libstdc++ conftest.c  >&5
C:\media_autobuild\msys64\tmp\ccXCNyqC.o:conftest.c:(.text.startup+0xa): undefined reference to `strsep'
collect2.exe: error: ld returned 1 exit status
configure:5851: $? = 1
configure: failed program was:
| /* confdefs.h */
| #define PACKAGE_NAME "yasm"
| #define PACKAGE_TARNAME "yasm"
| #define PACKAGE_VERSION "1.3.0.37.g8b4e9"
| #define PACKAGE_STRING "yasm 1.3.0.37.g8b4e9"
| #define PACKAGE_BUGREPORT "bug-yasm@tortall.net"
| #define PACKAGE_URL ""
| #define PACKAGE "yasm"
| #define VERSION "1.3.0.37.g8b4e9"
| #define STDC_HEADERS 1
| #define HAVE_SYS_TYPES_H 1
| #define HAVE_SYS_STAT_H 1
| #define HAVE_STDLIB_H 1
| #define HAVE_STRING_H 1
| #define HAVE_MEMORY_H 1
| #define HAVE_STRINGS_H 1
| #define HAVE_INTTYPES_H 1
| #define HAVE_STDINT_H 1
| #define HAVE_UNISTD_H 1
| #define HAVE_STRINGS_H 1
| #define HAVE_LIBGEN_H 1
| #define HAVE_UNISTD_H 1
| #define HAVE_DIRECT_H 1
| #define HAVE_SYS_STAT_H 1
| #define PROTOTYPES 1
| #define __PROTOTYPES 1
| #define HAVE_ABORT 1
| #define HAVE_TOASCII 1
| #define HAVE_VSNPRINTF 1
| /* end confdefs.h.  */
| /* Define strsep to an innocuous variant, in case <limits.h> declares strsep.
|    For example, HP-UX 11i <limits.h> declares gettimeofday.  */
| #define strsep innocuous_strsep
| 
| /* System header to define __stub macros and hopefully few prototypes,
|     which can conflict with char strsep (); below.
|     Prefer <limits.h> to <assert.h> if __STDC__ is defined, since
|     <limits.h> exists even on freestanding compilers.  */
| 
| #ifdef __STDC__
| # include <limits.h>
| #else
| # include <assert.h>
| #endif
| 
| #undef strsep
| 
| /* Override any GCC internal prototype to avoid an error.
|    Use char because int might match the return type of a GCC
|    builtin and then its argument prototype would still apply.  */
| #ifdef __cplusplus
| extern "C"
| #endif
| char strsep ();
| /* The GNU C library defines this for functions which it implements
|     to always fail with ENOSYS.  Some functions are actually named
|     something starting with __ and the normal name is an alias.  */
| #if defined __stub_strsep || defined __stub___strsep
| choke me
| #endif
| 
| int
| main ()
| {
| return strsep ();
|   ;
|   return 0;
| }
configure:5851: result: no
configure:5851: checking for mergesort
configure:5851: gcc -o conftest.exe -mthreads -mtune=generic -O2 -pipe -Wall -O3 -fPIC -D_LARGE_FILE_API -D_LARGEFILE64_SOURCE -D_FILE_OFFSET_BITS=64 -Wall -O3 -fPIC -D_LARGE_FILE_API -D_LARGEFILE64_SOURCE -D_FILE_OFFSET_BITS=64 -Wall -O3 -fPIC -D_LARGE_FILE_API -D_LARGEFILE64_SOURCE -D_FILE_OFFSET_BITS=64 -D_FORTIFY_SOURCE=2 -D__USE_MINGW_ANSI_STDIO=1 -pipe -static-libgcc -static-libstdc++ conftest.c  >&5
C:\media_autobuild\msys64\tmp\ccJcsZY5.o:conftest.c:(.text.startup+0xa): undefined reference to `mergesort'
collect2.exe: error: ld returned 1 exit status
configure:5851: $? = 1
configure: failed program was:
| /* confdefs.h */
| #define PACKAGE_NAME "yasm"
| #define PACKAGE_TARNAME "yasm"
| #define PACKAGE_VERSION "1.3.0.37.g8b4e9"
| #define PACKAGE_STRING "yasm 1.3.0.37.g8b4e9"
| #define PACKAGE_BUGREPORT "bug-yasm@tortall.net"
| #define PACKAGE_URL ""
| #define PACKAGE "yasm"
| #define VERSION "1.3.0.37.g8b4e9"
| #define STDC_HEADERS 1
| #define HAVE_SYS_TYPES_H 1
| #define HAVE_SYS_STAT_H 1
| #define HAVE_STDLIB_H 1
| #define HAVE_STRING_H 1
| #define HAVE_MEMORY_H 1
| #define HAVE_STRINGS_H 1
| #define HAVE_INTTYPES_H 1
| #define HAVE_STDINT_H 1
| #define HAVE_UNISTD_H 1
| #define HAVE_STRINGS_H 1
| #define HAVE_LIBGEN_H 1
| #define HAVE_UNISTD_H 1
| #define HAVE_DIRECT_H 1
| #define HAVE_SYS_STAT_H 1
| #define PROTOTYPES 1
| #define __PROTOTYPES 1
| #define HAVE_ABORT 1
| #define HAVE_TOASCII 1
| #define HAVE_VSNPRINTF 1
| /* end confdefs.h.  */
| /* Define mergesort to an innocuous variant, in case <limits.h> declares mergesort.
|    For example, HP-UX 11i <limits.h> declares gettimeofday.  */
| #define mergesort innocuous_mergesort
| 
| /* System header to define __stub macros and hopefully few prototypes,
|     which can conflict with char mergesort (); below.
|     Prefer <limits.h> to <assert.h> if __STDC__ is defined, since
|     <limits.h> exists even on freestanding compilers.  */
| 
| #ifdef __STDC__
| # include <limits.h>
| #else
| # include <assert.h>
| #endif
| 
| #undef mergesort
| 
| /* Override any GCC internal prototype to avoid an error.
|    Use char because int might match the return type of a GCC
|    builtin and then its argument prototype would still apply.  */
| #ifdef __cplusplus
| extern "C"
| #endif
| char mergesort ();
| /* The GNU C library defines this for functions which it implements
|     to always fail with ENOSYS.  Some functions are actually named
|     something starting with __ and the normal name is an alias.  */
| #if defined __stub_mergesort || defined __stub___mergesort
| choke me
| #endif
| 
| int
| main ()
| {
| return mergesort ();
|   ;
|   return 0;
| }
configure:5851: result: no
configure:5851: checking for getcwd
configure:5851: gcc -o conftest.exe -mthreads -mtune=generic -O2 -pipe -Wall -O3 -fPIC -D_LARGE_FILE_API -D_LARGEFILE64_SOURCE -D_FILE_OFFSET_BITS=64 -Wall -O3 -fPIC -D_LARGE_FILE_API -D_LARGEFILE64_SOURCE -D_FILE_OFFSET_BITS=64 -Wall -O3 -fPIC -D_LARGE_FILE_API -D_LARGEFILE64_SOURCE -D_FILE_OFFSET_BITS=64 -D_FORTIFY_SOURCE=2 -D__USE_MINGW_ANSI_STDIO=1 -pipe -static-libgcc -static-libstdc++ conftest.c  >&5
configure:5851: $? = 0
configure:5851: result: yes
configure:5863: checking for popen
configure:5863: gcc -o conftest.exe -mthreads -mtune=generic -O2 -pipe -Wall -O3 -fPIC -D_LARGE_FILE_API -D_LARGEFILE64_SOURCE -D_FILE_OFFSET_BITS=64 -Wall -O3 -fPIC -D_LARGE_FILE_API -D_LARGEFILE64_SOURCE -D_FILE_OFFSET_BITS=64 -Wall -O3 -fPIC -D_LARGE_FILE_API -D_LARGEFILE64_SOURCE -D_FILE_OFFSET_BITS=64 -D_FORTIFY_SOURCE=2 -D__USE_MINGW_ANSI_STDIO=1 -pipe -static-libgcc -static-libstdc++ conftest.c  >&5
configure:5863: $? = 0
configure:5863: result: yes
configure:5863: checking for ftruncate
configure:5863: gcc -o conftest.exe -mthreads -mtune=generic -O2 -pipe -Wall -O3 -fPIC -D_LARGE_FILE_API -D_LARGEFILE64_SOURCE -D_FILE_OFFSET_BITS=64 -Wall -O3 -fPIC -D_LARGE_FILE_API -D_LARGEFILE64_SOURCE -D_FILE_OFFSET_BITS=64 -Wall -O3 -fPIC -D_LARGE_FILE_API -D_LARGEFILE64_SOURCE -D_FILE_OFFSET_BITS=64 -D_FORTIFY_SOURCE=2 -D__USE_MINGW_ANSI_STDIO=1 -pipe -static-libgcc -static-libstdc++ conftest.c  >&5
configure:5863: $? = 0
configure:5863: result: yes
configure:5876: checking for strcasecmp
configure:5876: gcc -o conftest.exe -mthreads -mtune=generic -O2 -pipe -Wall -O3 -fPIC -D_LARGE_FILE_API -D_LARGEFILE64_SOURCE -D_FILE_OFFSET_BITS=64 -Wall -O3 -fPIC -D_LARGE_FILE_API -D_LARGEFILE64_SOURCE -D_FILE_OFFSET_BITS=64 -Wall -O3 -fPIC -D_LARGE_FILE_API -D_LARGEFILE64_SOURCE -D_FILE_OFFSET_BITS=64 -D_FORTIFY_SOURCE=2 -D__USE_MINGW_ANSI_STDIO=1 -pipe -static-libgcc -static-libstdc++ conftest.c  >&5
conftest.c:57:6: warning: conflicting types for built-in function 'strcasecmp' [-Wbuiltin-declaration-mismatch]
 char strcasecmp ();
      ^~~~~~~~~~
configure:5876: $? = 0
configure:5876: result: yes
configure:5876: checking for strncasecmp
configure:5876: gcc -o conftest.exe -mthreads -mtune=generic -O2 -pipe -Wall -O3 -fPIC -D_LARGE_FILE_API -D_LARGEFILE64_SOURCE -D_FILE_OFFSET_BITS=64 -Wall -O3 -fPIC -D_LARGE_FILE_API -D_LARGEFILE64_SOURCE -D_FILE_OFFSET_BITS=64 -Wall -O3 -fPIC -D_LARGE_FILE_API -D_LARGEFILE64_SOURCE -D_FILE_OFFSET_BITS=64 -D_FORTIFY_SOURCE=2 -D__USE_MINGW_ANSI_STDIO=1 -pipe -static-libgcc -static-libstdc++ conftest.c  >&5
conftest.c:58:6: warning: conflicting types for built-in function 'strncasecmp' [-Wbuiltin-declaration-mismatch]
 char strncasecmp ();
      ^~~~~~~~~~~
configure:5876: $? = 0
configure:5876: result: yes
configure:5876: checking for stricmp
configure:5876: gcc -o conftest.exe -mthreads -mtune=generic -O2 -pipe -Wall -O3 -fPIC -D_LARGE_FILE_API -D_LARGEFILE64_SOURCE -D_FILE_OFFSET_BITS=64 -Wall -O3 -fPIC -D_LARGE_FILE_API -D_LARGEFILE64_SOURCE -D_FILE_OFFSET_BITS=64 -Wall -O3 -fPIC -D_LARGE_FILE_API -D_LARGEFILE64_SOURCE -D_FILE_OFFSET_BITS=64 -D_FORTIFY_SOURCE=2 -D__USE_MINGW_ANSI_STDIO=1 -pipe -static-libgcc -static-libstdc++ conftest.c  >&5
configure:5876: $? = 0
configure:5876: result: yes
configure:5876: checking for _stricmp
configure:5876: gcc -o conftest.exe -mthreads -mtune=generic -O2 -pipe -Wall -O3 -fPIC -D_LARGE_FILE_API -D_LARGEFILE64_SOURCE -D_FILE_OFFSET_BITS=64 -Wall -O3 -fPIC -D_LARGE_FILE_API -D_LARGEFILE64_SOURCE -D_FILE_OFFSET_BITS=64 -Wall -O3 -fPIC -D_LARGE_FILE_API -D_LARGEFILE64_SOURCE -D_FILE_OFFSET_BITS=64 -D_FORTIFY_SOURCE=2 -D__USE_MINGW_ANSI_STDIO=1 -pipe -static-libgcc -static-libstdc++ conftest.c  >&5
configure:5876: $? = 0
configure:5876: result: yes
configure:5876: checking for strcmpi
configure:5876: gcc -o conftest.exe -mthreads -mtune=generic -O2 -pipe -Wall -O3 -fPIC -D_LARGE_FILE_API -D_LARGEFILE64_SOURCE -D_FILE_OFFSET_BITS=64 -Wall -O3 -fPIC -D_LARGE_FILE_API -D_LARGEFILE64_SOURCE -D_FILE_OFFSET_BITS=64 -Wall -O3 -fPIC -D_LARGE_FILE_API -D_LARGEFILE64_SOURCE -D_FILE_OFFSET_BITS=64 -D_FORTIFY_SOURCE=2 -D__USE_MINGW_ANSI_STDIO=1 -pipe -static-libgcc -static-libstdc++ conftest.c  >&5
configure:5876: $? = 0
configure:5876: result: yes
configure:5890: checking for a sed that does not truncate output
configure:5954: result: /usr/bin/sed
configure:5960: checking whether NLS is requested
configure:5969: result: yes
configure:6009: checking for msgfmt
configure: trying /mingw64/bin/msgfmt...
0 translated messages.
configure:6041: result: /mingw64/bin/msgfmt
configure:6050: checking for gmsgfmt
configure:6081: result: /mingw64/bin/msgfmt
configure:6131: checking for xgettext
configure: trying /mingw64/bin/xgettext...
C:\media_autobuild\msys64\mingw64\bin\xgettext.exe: warning: file 'nul' extension '' is unknown; will try C
configure:6163: result: /mingw64/bin/xgettext
configure:6208: checking for msgmerge
configure: trying /mingw64/bin/msgmerge...
configure:6239: result: /mingw64/bin/msgmerge
configure:6276: checking build system type
configure:6290: result: x86_64-w64-mingw32
configure:6310: checking host system type
configure:6323: result: x86_64-w64-mingw32
configure:6368: checking for ld used by gcc
configure:6435: result: C:/media_autobuild/msys64/mingw64/x86_64-w64-mingw32/bin/ld.exe
configure:6442: checking if the linker (C:/media_autobuild/msys64/mingw64/x86_64-w64-mingw32/bin/ld.exe) is GNU ld
configure:6457: result: yes
configure:6464: checking for shared library run path origin
configure:6477: result: done
configure:7049: checking for CFPreferencesCopyAppValue
configure:7067: gcc -o conftest.exe -mthreads -mtune=generic -O2 -pipe -Wall -O3 -fPIC -D_LARGE_FILE_API -D_LARGEFILE64_SOURCE -D_FILE_OFFSET_BITS=64 -Wall -O3 -fPIC -D_LARGE_FILE_API -D_LARGEFILE64_SOURCE -D_FILE_OFFSET_BITS=64 -Wall -O3 -fPIC -D_LARGE_FILE_API -D_LARGEFILE64_SOURCE -D_FILE_OFFSET_BITS=64 -D_FORTIFY_SOURCE=2 -D__USE_MINGW_ANSI_STDIO=1 -pipe -static-libgcc -static-libstdc++ conftest.c  -Wl,-framework -Wl,CoreFoundation >&5
conftest.c:39:10: fatal error: CoreFoundation/CFPreferences.h: No such file or directory
 #include <CoreFoundation/CFPreferences.h>
          ^~~~~~~~~~~~~~~~~~~~~~~~~~~~~~~~
compilation terminated.
configure:7067: $? = 1
configure: failed program was:
| /* confdefs.h */
| #define PACKAGE_NAME "yasm"
| #define PACKAGE_TARNAME "yasm"
| #define PACKAGE_VERSION "1.3.0.37.g8b4e9"
| #define PACKAGE_STRING "yasm 1.3.0.37.g8b4e9"
| #define PACKAGE_BUGREPORT "bug-yasm@tortall.net"
| #define PACKAGE_URL ""
| #define PACKAGE "yasm"
| #define VERSION "1.3.0.37.g8b4e9"
| #define STDC_HEADERS 1
| #define HAVE_SYS_TYPES_H 1
| #define HAVE_SYS_STAT_H 1
| #define HAVE_STDLIB_H 1
| #define HAVE_STRING_H 1
| #define HAVE_MEMORY_H 1
| #define HAVE_STRINGS_H 1
| #define HAVE_INTTYPES_H 1
| #define HAVE_STDINT_H 1
| #define HAVE_UNISTD_H 1
| #define HAVE_STRINGS_H 1
| #define HAVE_LIBGEN_H 1
| #define HAVE_UNISTD_H 1
| #define HAVE_DIRECT_H 1
| #define HAVE_SYS_STAT_H 1
| #define PROTOTYPES 1
| #define __PROTOTYPES 1
| #define HAVE_ABORT 1
| #define HAVE_TOASCII 1
| #define HAVE_VSNPRINTF 1
| #define HAVE_GETCWD 1
| #define HAVE_POPEN 1
| #define HAVE_FTRUNCATE 1
| #define HAVE_STRCASECMP 1
| #define HAVE_STRNCASECMP 1
| #define HAVE_STRICMP 1
| #define HAVE__STRICMP 1
| #define HAVE_STRCMPI 1
| /* end confdefs.h.  */
| #include <CoreFoundation/CFPreferences.h>
| int
| main ()
| {
| CFPreferencesCopyAppValue(NULL, NULL)
|   ;
|   return 0;
| }
configure:7076: result: no
configure:7083: checking for CFLocaleCopyCurrent
configure:7101: gcc -o conftest.exe -mthreads -mtune=generic -O2 -pipe -Wall -O3 -fPIC -D_LARGE_FILE_API -D_LARGEFILE64_SOURCE -D_FILE_OFFSET_BITS=64 -Wall -O3 -fPIC -D_LARGE_FILE_API -D_LARGEFILE64_SOURCE -D_FILE_OFFSET_BITS=64 -Wall -O3 -fPIC -D_LARGE_FILE_API -D_LARGEFILE64_SOURCE -D_FILE_OFFSET_BITS=64 -D_FORTIFY_SOURCE=2 -D__USE_MINGW_ANSI_STDIO=1 -pipe -static-libgcc -static-libstdc++ conftest.c  -Wl,-framework -Wl,CoreFoundation >&5
conftest.c:39:10: fatal error: CoreFoundation/CFLocale.h: No such file or directory
 #include <CoreFoundation/CFLocale.h>
          ^~~~~~~~~~~~~~~~~~~~~~~~~~~
compilation terminated.
configure:7101: $? = 1
configure: failed program was:
| /* confdefs.h */
| #define PACKAGE_NAME "yasm"
| #define PACKAGE_TARNAME "yasm"
| #define PACKAGE_VERSION "1.3.0.37.g8b4e9"
| #define PACKAGE_STRING "yasm 1.3.0.37.g8b4e9"
| #define PACKAGE_BUGREPORT "bug-yasm@tortall.net"
| #define PACKAGE_URL ""
| #define PACKAGE "yasm"
| #define VERSION "1.3.0.37.g8b4e9"
| #define STDC_HEADERS 1
| #define HAVE_SYS_TYPES_H 1
| #define HAVE_SYS_STAT_H 1
| #define HAVE_STDLIB_H 1
| #define HAVE_STRING_H 1
| #define HAVE_MEMORY_H 1
| #define HAVE_STRINGS_H 1
| #define HAVE_INTTYPES_H 1
| #define HAVE_STDINT_H 1
| #define HAVE_UNISTD_H 1
| #define HAVE_STRINGS_H 1
| #define HAVE_LIBGEN_H 1
| #define HAVE_UNISTD_H 1
| #define HAVE_DIRECT_H 1
| #define HAVE_SYS_STAT_H 1
| #define PROTOTYPES 1
| #define __PROTOTYPES 1
| #define HAVE_ABORT 1
| #define HAVE_TOASCII 1
| #define HAVE_VSNPRINTF 1
| #define HAVE_GETCWD 1
| #define HAVE_POPEN 1
| #define HAVE_FTRUNCATE 1
| #define HAVE_STRCASECMP 1
| #define HAVE_STRNCASECMP 1
| #define HAVE_STRICMP 1
| #define HAVE__STRICMP 1
| #define HAVE_STRCMPI 1
| /* end confdefs.h.  */
| #include <CoreFoundation/CFLocale.h>
| int
| main ()
| {
| CFLocaleCopyCurrent();
|   ;
|   return 0;
| }
configure:7110: result: no
configure:7159: checking for GNU gettext in libc
configure:7183: gcc -o conftest.exe -mthreads -mtune=generic -O2 -pipe -Wall -O3 -fPIC -D_LARGE_FILE_API -D_LARGEFILE64_SOURCE -D_FILE_OFFSET_BITS=64 -Wall -O3 -fPIC -D_LARGE_FILE_API -D_LARGEFILE64_SOURCE -D_FILE_OFFSET_BITS=64 -Wall -O3 -fPIC -D_LARGE_FILE_API -D_LARGEFILE64_SOURCE -D_FILE_OFFSET_BITS=64 -D_FORTIFY_SOURCE=2 -D__USE_MINGW_ANSI_STDIO=1 -pipe -static-libgcc -static-libstdc++ conftest.c  >&5
C:\media_autobuild\msys64\tmp\cc1YwEQh.o:conftest.c:(.text.startup+0x14): undefined reference to `libintl_bindtextdomain'
C:\media_autobuild\msys64\tmp\cc1YwEQh.o:conftest.c:(.text.startup+0x20): undefined reference to `libintl_gettext'
C:\media_autobuild\msys64\tmp\cc1YwEQh.o:conftest.c:(.rdata$.refptr._nl_domain_bindings[.refptr._nl_domain_bindings]+0x0): undefined reference to `_nl_domain_bindings'
C:\media_autobuild\msys64\tmp\cc1YwEQh.o:conftest.c:(.rdata$.refptr._nl_msg_cat_cntr[.refptr._nl_msg_cat_cntr]+0x0): undefined reference to `_nl_msg_cat_cntr'
collect2.exe: error: ld returned 1 exit status
configure:7183: $? = 1
configure: failed program was:
| /* confdefs.h */
| #define PACKAGE_NAME "yasm"
| #define PACKAGE_TARNAME "yasm"
| #define PACKAGE_VERSION "1.3.0.37.g8b4e9"
| #define PACKAGE_STRING "yasm 1.3.0.37.g8b4e9"
| #define PACKAGE_BUGREPORT "bug-yasm@tortall.net"
| #define PACKAGE_URL ""
| #define PACKAGE "yasm"
| #define VERSION "1.3.0.37.g8b4e9"
| #define STDC_HEADERS 1
| #define HAVE_SYS_TYPES_H 1
| #define HAVE_SYS_STAT_H 1
| #define HAVE_STDLIB_H 1
| #define HAVE_STRING_H 1
| #define HAVE_MEMORY_H 1
| #define HAVE_STRINGS_H 1
| #define HAVE_INTTYPES_H 1
| #define HAVE_STDINT_H 1
| #define HAVE_UNISTD_H 1
| #define HAVE_STRINGS_H 1
| #define HAVE_LIBGEN_H 1
| #define HAVE_UNISTD_H 1
| #define HAVE_DIRECT_H 1
| #define HAVE_SYS_STAT_H 1
| #define PROTOTYPES 1
| #define __PROTOTYPES 1
| #define HAVE_ABORT 1
| #define HAVE_TOASCII 1
| #define HAVE_VSNPRINTF 1
| #define HAVE_GETCWD 1
| #define HAVE_POPEN 1
| #define HAVE_FTRUNCATE 1
| #define HAVE_STRCASECMP 1
| #define HAVE_STRNCASECMP 1
| #define HAVE_STRICMP 1
| #define HAVE__STRICMP 1
| #define HAVE_STRCMPI 1
| /* end confdefs.h.  */
| 
| #include <libintl.h>
| 
| extern int _nl_msg_cat_cntr;
| extern int *_nl_domain_bindings;
| 
| int
| main ()
| {
| 
| bindtextdomain ("", "");
| return * gettext ("") + _nl_msg_cat_cntr + *_nl_domain_bindings
| 
|   ;
|   return 0;
| }
configure:7192: result: no
configure:7226: checking for iconv
configure:7250: gcc -o conftest.exe -mthreads -mtune=generic -O2 -pipe -Wall -O3 -fPIC -D_LARGE_FILE_API -D_LARGEFILE64_SOURCE -D_FILE_OFFSET_BITS=64 -Wall -O3 -fPIC -D_LARGE_FILE_API -D_LARGEFILE64_SOURCE -D_FILE_OFFSET_BITS=64 -Wall -O3 -fPIC -D_LARGE_FILE_API -D_LARGEFILE64_SOURCE -D_FILE_OFFSET_BITS=64 -D_FORTIFY_SOURCE=2 -D__USE_MINGW_ANSI_STDIO=1 -pipe -static-libgcc -static-libstdc++ conftest.c  >&5
C:\media_autobuild\msys64\tmp\ccgtEpMe.o:conftest.c:(.text.startup+0x15): undefined reference to `libiconv_open'
C:\media_autobuild\msys64\tmp\ccgtEpMe.o:conftest.c:(.text.startup+0x31): undefined reference to `libiconv'
C:\media_autobuild\msys64\tmp\ccgtEpMe.o:conftest.c:(.text.startup+0x39): undefined reference to `libiconv_close'
collect2.exe: error: ld returned 1 exit status
configure:7250: $? = 1
configure: failed program was:
| /* confdefs.h */
| #define PACKAGE_NAME "yasm"
| #define PACKAGE_TARNAME "yasm"
| #define PACKAGE_VERSION "1.3.0.37.g8b4e9"
| #define PACKAGE_STRING "yasm 1.3.0.37.g8b4e9"
| #define PACKAGE_BUGREPORT "bug-yasm@tortall.net"
| #define PACKAGE_URL ""
| #define PACKAGE "yasm"
| #define VERSION "1.3.0.37.g8b4e9"
| #define STDC_HEADERS 1
| #define HAVE_SYS_TYPES_H 1
| #define HAVE_SYS_STAT_H 1
| #define HAVE_STDLIB_H 1
| #define HAVE_STRING_H 1
| #define HAVE_MEMORY_H 1
| #define HAVE_STRINGS_H 1
| #define HAVE_INTTYPES_H 1
| #define HAVE_STDINT_H 1
| #define HAVE_UNISTD_H 1
| #define HAVE_STRINGS_H 1
| #define HAVE_LIBGEN_H 1
| #define HAVE_UNISTD_H 1
| #define HAVE_DIRECT_H 1
| #define HAVE_SYS_STAT_H 1
| #define PROTOTYPES 1
| #define __PROTOTYPES 1
| #define HAVE_ABORT 1
| #define HAVE_TOASCII 1
| #define HAVE_VSNPRINTF 1
| #define HAVE_GETCWD 1
| #define HAVE_POPEN 1
| #define HAVE_FTRUNCATE 1
| #define HAVE_STRCASECMP 1
| #define HAVE_STRNCASECMP 1
| #define HAVE_STRICMP 1
| #define HAVE__STRICMP 1
| #define HAVE_STRCMPI 1
| /* end confdefs.h.  */
| 
| #include <stdlib.h>
| #include <iconv.h>
| 
| int
| main ()
| {
| iconv_t cd = iconv_open("","");
|            iconv(cd,NULL,NULL,NULL,NULL);
|            iconv_close(cd);
|   ;
|   return 0;
| }
configure:7274: gcc -o conftest.exe -mthreads -mtune=generic -O2 -pipe -Wall -O3 -fPIC -D_LARGE_FILE_API -D_LARGEFILE64_SOURCE -D_FILE_OFFSET_BITS=64 -Wall -O3 -fPIC -D_LARGE_FILE_API -D_LARGEFILE64_SOURCE -D_FILE_OFFSET_BITS=64 -Wall -O3 -fPIC -D_LARGE_FILE_API -D_LARGEFILE64_SOURCE -D_FILE_OFFSET_BITS=64 -D_FORTIFY_SOURCE=2 -D__USE_MINGW_ANSI_STDIO=1 -pipe -static-libgcc -static-libstdc++ conftest.c  -liconv >&5
configure:7274: $? = 0
configure:7284: result: yes
configure:7287: checking for working iconv
configure:7407: gcc -o conftest.exe -mthreads -mtune=generic -O2 -pipe -Wall -O3 -fPIC -D_LARGE_FILE_API -D_LARGEFILE64_SOURCE -D_FILE_OFFSET_BITS=64 -Wall -O3 -fPIC -D_LARGE_FILE_API -D_LARGEFILE64_SOURCE -D_FILE_OFFSET_BITS=64 -Wall -O3 -fPIC -D_LARGE_FILE_API -D_LARGEFILE64_SOURCE -D_FILE_OFFSET_BITS=64 -D_FORTIFY_SOURCE=2 -D__USE_MINGW_ANSI_STDIO=1 -pipe -static-libgcc -static-libstdc++ conftest.c  -liconv >&5
configure:7407: $? = 0
configure:7407: ./conftest.exe
configure:7407: $? = 0
configure:7419: result: yes
configure:7434: checking how to link with libiconv
configure:7436: result: -liconv
configure:7908: checking for GNU gettext in libintl
configure:7940: gcc -o conftest.exe -mthreads -mtune=generic -O2 -pipe -Wall -O3 -fPIC -D_LARGE_FILE_API -D_LARGEFILE64_SOURCE -D_FILE_OFFSET_BITS=64 -Wall -O3 -fPIC -D_LARGE_FILE_API -D_LARGEFILE64_SOURCE -D_FILE_OFFSET_BITS=64 -Wall -O3 -fPIC -D_LARGE_FILE_API -D_LARGEFILE64_SOURCE -D_FILE_OFFSET_BITS=64 -D_FORTIFY_SOURCE=2 -D__USE_MINGW_ANSI_STDIO=1  -pipe -static-libgcc -static-libstdc++ conftest.c  -lintl >&5
C:/media_autobuild/msys64/mingw64/lib/../lib/libintl.a(dcigettext.o):(.text+0x420): undefined reference to `libiconv'
C:/media_autobuild/msys64/mingw64/lib/../lib/libintl.a(dcigettext.o):(.text+0x92c): undefined reference to `libiconv_open'
C:/media_autobuild/msys64/mingw64/lib/../lib/libintl.a(dcigettext.o):(.text+0xaa3): undefined reference to `libiconv_open'
C:/media_autobuild/msys64/mingw64/lib/../lib/libintl.a(relocatable.o):(.text+0x46): undefined reference to `libiconv_set_relocation_prefix'
collect2.exe: error: ld returned 1 exit status
configure:7940: $? = 1
configure: failed program was:
| /* confdefs.h */
| #define PACKAGE_NAME "yasm"
| #define PACKAGE_TARNAME "yasm"
| #define PACKAGE_VERSION "1.3.0.37.g8b4e9"
| #define PACKAGE_STRING "yasm 1.3.0.37.g8b4e9"
| #define PACKAGE_BUGREPORT "bug-yasm@tortall.net"
| #define PACKAGE_URL ""
| #define PACKAGE "yasm"
| #define VERSION "1.3.0.37.g8b4e9"
| #define STDC_HEADERS 1
| #define HAVE_SYS_TYPES_H 1
| #define HAVE_SYS_STAT_H 1
| #define HAVE_STDLIB_H 1
| #define HAVE_STRING_H 1
| #define HAVE_MEMORY_H 1
| #define HAVE_STRINGS_H 1
| #define HAVE_INTTYPES_H 1
| #define HAVE_STDINT_H 1
| #define HAVE_UNISTD_H 1
| #define HAVE_STRINGS_H 1
| #define HAVE_LIBGEN_H 1
| #define HAVE_UNISTD_H 1
| #define HAVE_DIRECT_H 1
| #define HAVE_SYS_STAT_H 1
| #define PROTOTYPES 1
| #define __PROTOTYPES 1
| #define HAVE_ABORT 1
| #define HAVE_TOASCII 1
| #define HAVE_VSNPRINTF 1
| #define HAVE_GETCWD 1
| #define HAVE_POPEN 1
| #define HAVE_FTRUNCATE 1
| #define HAVE_STRCASECMP 1
| #define HAVE_STRNCASECMP 1
| #define HAVE_STRICMP 1
| #define HAVE__STRICMP 1
| #define HAVE_STRCMPI 1
| #define HAVE_ICONV 1
| /* end confdefs.h.  */
| 
| #include <libintl.h>
| 
| extern int _nl_msg_cat_cntr;
| extern
| #ifdef __cplusplus
| "C"
| #endif
| const char *_nl_expand_alias (const char *);
| 
| int
| main ()
| {
| 
| bindtextdomain ("", "");
| return * gettext ("") + _nl_msg_cat_cntr + *_nl_expand_alias ("")
| 
|   ;
|   return 0;
| }
configure:7972: gcc -o conftest.exe -mthreads -mtune=generic -O2 -pipe -Wall -O3 -fPIC -D_LARGE_FILE_API -D_LARGEFILE64_SOURCE -D_FILE_OFFSET_BITS=64 -Wall -O3 -fPIC -D_LARGE_FILE_API -D_LARGEFILE64_SOURCE -D_FILE_OFFSET_BITS=64 -Wall -O3 -fPIC -D_LARGE_FILE_API -D_LARGEFILE64_SOURCE -D_FILE_OFFSET_BITS=64 -D_FORTIFY_SOURCE=2 -D__USE_MINGW_ANSI_STDIO=1  -pipe -static-libgcc -static-libstdc++ conftest.c  -lintl -liconv >&5
configure:7972: $? = 0
configure:7985: result: yes
configure:8020: checking whether to use NLS
configure:8022: result: yes
configure:8025: checking where the gettext function comes from
configure:8036: result: external libintl
configure:8044: checking how to link with libintl
configure:8046: result: -lintl -liconv
configure:8102: checking for GNU C Library
conftest.c:43:10: fatal error: features.h: No such file or directory
 #include <features.h>
          ^~~~~~~~~~~~
compilation terminated.
configure:8124: result: no
configure:8238: Checking for Python
configure:8276: checking for a Python interpreter with version >= 2.4
configure:8293: python -c import sys # split strings by '.' and convert to numeric. Append some zeros # because we need at least 4 digits for the hex conversion. # map returns an iterator in Python 3.0 and a list in 2.x minver = list(map(int, '2.4'.split('.'))) + [0, 0, 0] minverhex = 0 # xrange is not present in Python 3.0 and range returns an iterator for i in list(range(0, 4)): minverhex = (minverhex << 8) + minver[i] sys.exit(sys.hexversion < minverhex)
configure:8296: $? = 0
configure:8302: result: python
configure:8310: checking for python
configure:8328: found /mingw64/bin/python
configure:8340: result: /mingw64/bin/python
configure:8359: checking for python version
configure:8366: result: 2.7
configure:8378: checking for python platform
configure:8385: result: win32
configure:8411: checking for python script directory
configure:8446: result: ${prefix}/lib/python2.7/site-packages
configure:8455: checking for python extension module directory
configure:8490: result: ${exec_prefix}/lib/python2.7/site-packages
configure:8734: checking that generated files are newer than configure
configure:8740: result: done
configure:8779: creating ./config.status

## ---------------------- ##
## Running config.status. ##
## ---------------------- ##

This file was extended by yasm config.status 1.3.0.37.g8b4e9, which was
generated by GNU Autoconf 2.69.  Invocation command line was

  CONFIG_FILES    = 
  CONFIG_HEADERS  = 
  CONFIG_LINKS    = 
  CONFIG_COMMANDS = 
  $ ./config.status 

on ESMALARCON-C2

config.status:962: creating Makefile
config.status:962: creating po/Makefile.in
config.status:962: creating config.h
config.status:1176: executing depfiles commands
config.status:1176: executing libyasm-stdint.h commands
config.status:1277: creating libyasm-stdint.h : _YASM_LIBYASM_STDINT_H
config.status:1176: executing po-directories commands

## ---------------- ##
## Cache variables. ##
## ---------------- ##

ac_cv_build=x86_64-w64-mingw32
ac_cv_c_compiler_gnu=yes
ac_cv_c_const=yes
ac_cv_c_inline=inline
ac_cv_env_CCLD_FOR_BUILD_set=
ac_cv_env_CCLD_FOR_BUILD_value=
ac_cv_env_CC_FOR_BUILD_set=
ac_cv_env_CC_FOR_BUILD_value=
ac_cv_env_CC_set=set
ac_cv_env_CC_value=gcc
ac_cv_env_CFLAGS_set=set
ac_cv_env_CFLAGS_value='-mthreads -mtune=generic -O2 -pipe -Wall -O3 -fPIC -D_LARGE_FILE_API -D_LARGEFILE64_SOURCE -D_FILE_OFFSET_BITS=64 -Wall -O3 -fPIC -D_LARGE_FILE_API -D_LARGEFILE64_SOURCE -D_FILE_OFFSET_BITS=64 -Wall -O3 -fPIC -D_LARGE_FILE_API -D_LARGEFILE64_SOURCE -D_FILE_OFFSET_BITS=64'
ac_cv_env_CPPFLAGS_set=set
ac_cv_env_CPPFLAGS_value='-D_FORTIFY_SOURCE=2 -D__USE_MINGW_ANSI_STDIO=1'
ac_cv_env_CPP_FOR_HOST_set=
ac_cv_env_CPP_FOR_HOST_value=
ac_cv_env_CPP_set=
ac_cv_env_CPP_value=
ac_cv_env_LDFLAGS_set=set
ac_cv_env_LDFLAGS_value='-pipe -static-libgcc -static-libstdc++'
ac_cv_env_LIBS_set=
ac_cv_env_LIBS_value=
ac_cv_env_PYTHON_set=
ac_cv_env_PYTHON_value=
ac_cv_env_build_alias_set=
ac_cv_env_build_alias_value=
ac_cv_env_host_alias_set=
ac_cv_env_host_alias_value=
ac_cv_env_target_alias_set=
ac_cv_env_target_alias_value=
ac_cv_exeext=.exe
ac_cv_func__stricmp=yes
ac_cv_func_abort=yes
ac_cv_func_ftruncate=yes
ac_cv_func_getcwd=yes
ac_cv_func_mergesort=no
ac_cv_func_popen=yes
ac_cv_func_strcasecmp=yes
ac_cv_func_strcmpi=yes
ac_cv_func_stricmp=yes
ac_cv_func_strncasecmp=yes
ac_cv_func_strsep=no
ac_cv_func_toascii=yes
ac_cv_func_vsnprintf=yes
ac_cv_header_direct_h=yes
ac_cv_header_inttypes_h=yes
ac_cv_header_libgen_h=yes
ac_cv_header_memory_h=yes
ac_cv_header_stdc=yes
ac_cv_header_stdint=stdint.h
ac_cv_header_stdint_h=yes
ac_cv_header_stdint_t=stdint.h
ac_cv_header_stdlib_h=yes
ac_cv_header_string_h=yes
ac_cv_header_strings_h=yes
ac_cv_header_sys_stat_h=yes
ac_cv_header_sys_types_h=yes
ac_cv_header_unistd_h=yes
ac_cv_host=x86_64-w64-mingw32
ac_cv_objext=o
ac_cv_path_EGREP='/usr/bin/grep -E'
ac_cv_path_GMSGFMT=/mingw64/bin/msgfmt
ac_cv_path_GREP=/usr/bin/grep
ac_cv_path_MSGFMT=/mingw64/bin/msgfmt
ac_cv_path_MSGMERGE=/mingw64/bin/msgmerge
ac_cv_path_PYTHON=/mingw64/bin/python
ac_cv_path_SED=/usr/bin/sed
ac_cv_path_XGETTEXT=/mingw64/bin/xgettext
ac_cv_path_install='/usr/bin/install -c'
ac_cv_path_mkdir=/usr/bin/mkdir
ac_cv_prog_AWK=gawk
ac_cv_prog_CPP='gcc -E'
ac_cv_prog_XMLTO=xmlto
ac_cv_prog_ac_ct_AR=ar
ac_cv_prog_ac_ct_CC=gcc
ac_cv_prog_ac_ct_RANLIB=ranlib
ac_cv_prog_cc_c89=
ac_cv_prog_cc_c99=
ac_cv_prog_cc_g=yes
ac_cv_prog_cc_stdc=
ac_cv_prog_make_make_set=yes
ac_cv_stdint_message='using gcc'
ac_cv_stdint_result='(assuming C99 compatible system)'
ac_cv_type_size_t=yes
acl_cv_hardcode_direct=no
acl_cv_hardcode_libdir_flag_spec='-L$libdir'
acl_cv_hardcode_libdir_separator=
acl_cv_hardcode_minus_L=no
acl_cv_libext=a
acl_cv_libname_spec='lib$name'
acl_cv_library_names_spec='$libname.dll.a $libname.lib'
acl_cv_path_LD=C:/media_autobuild/msys64/mingw64/x86_64-w64-mingw32/bin/ld.exe
acl_cv_prog_gnu_ld=yes
acl_cv_rpath=done
acl_cv_shlibext=dll
acl_cv_wl=-Wl,
am_cv_CC_dependencies_compiler_type=gcc3
am_cv_func_iconv=yes
am_cv_func_iconv_works=yes
am_cv_lib_iconv=yes
am_cv_make_support_nested_variables=yes
am_cv_pathless_PYTHON=python
am_cv_prog_cc_c_o=yes
am_cv_python_platform=win32
am_cv_python_pyexecdir='${exec_prefix}/lib/python2.7/site-packages'
am_cv_python_pythondir='${prefix}/lib/python2.7/site-packages'
am_cv_python_version=2.7
gt_cv_func_CFLocaleCopyCurrent=no
gt_cv_func_CFPreferencesCopyAppValue=no
gt_cv_func_gnugettext1_libc=no
gt_cv_func_gnugettext1_libintl=yes
yasm_cv_header_gnulib=no

## ----------------- ##
## Output variables. ##
## ----------------- ##

ACLOCAL='${SHELL} /trunk/MediaProcessors_selfcontained/3rdplibs/yasm/config/missing aclocal-1.15'
AMDEPBACKSLASH='\'
AMDEP_FALSE='#'
AMDEP_TRUE=''
AMTAR='$${TAR-tar}'
AM_BACKSLASH='\'
AM_DEFAULT_V='$(AM_DEFAULT_VERBOSITY)'
AM_DEFAULT_VERBOSITY='1'
AM_V='$(V)'
AR='ar'
ARCH='x86'
AUTOCONF='${SHELL} /trunk/MediaProcessors_selfcontained/3rdplibs/yasm/config/missing autoconf'
AUTOHEADER='${SHELL} /trunk/MediaProcessors_selfcontained/3rdplibs/yasm/config/missing autoheader'
AUTOMAKE='${SHELL} /trunk/MediaProcessors_selfcontained/3rdplibs/yasm/config/missing automake-1.15'
AWK='gawk'
BUILD_MAN_FALSE='#'
BUILD_MAN_TRUE=''
CC='gcc'
CCDEPMODE='depmode=gcc3'
CCLD_FOR_BUILD='$(CC)'
CC_FOR_BUILD='$(CC)'
CFLAGS='-mthreads -mtune=generic -O2 -pipe -Wall -O3 -fPIC -D_LARGE_FILE_API -D_LARGEFILE64_SOURCE -D_FILE_OFFSET_BITS=64 -Wall -O3 -fPIC -D_LARGE_FILE_API -D_LARGEFILE64_SOURCE -D_FILE_OFFSET_BITS=64 -Wall -O3 -fPIC -D_LARGE_FILE_API -D_LARGEFILE64_SOURCE -D_FILE_OFFSET_BITS=64'
CPP='gcc -E'
CPPFLAGS='-D_FORTIFY_SOURCE=2 -D__USE_MINGW_ANSI_STDIO=1'
CPP_FOR_HOST=''
CYGPATH_W='cygpath -w'
DEFS='-DHAVE_CONFIG_H'
DEPDIR='.deps'
ECHO_C=''
ECHO_N='-n'
ECHO_T=''
EGREP='/usr/bin/grep -E'
EXEEXT='.exe'
GCC='yes'
GETTEXT_MACRO_VERSION='0.18'
GMSGFMT='/mingw64/bin/msgfmt'
GMSGFMT_015='/mingw64/bin/msgfmt'
GREP='/usr/bin/grep'
HAVE_PYTHON_BINDINGS_FALSE=''
HAVE_PYTHON_BINDINGS_TRUE='#'
HAVE_PYTHON_FALSE='#'
HAVE_PYTHON_TRUE=''
INSTALL_DATA='${INSTALL} -m 644'
INSTALL_PROGRAM='${INSTALL}'
INSTALL_SCRIPT='${INSTALL}'
INSTALL_STRIP_PROGRAM='$(install_sh) -c -s'
INTLLIBS='-lintl -liconv'
INTL_MACOSX_LIBS=''
LDFLAGS='-pipe -static-libgcc -static-libstdc++'
LIBICONV='-liconv'
LIBINTL='-lintl -liconv'
LIBOBJS=''
LIBS=''
LN_S='cp -pR'
LTLIBICONV='-liconv'
LTLIBINTL='-lintl -liconv'
LTLIBOBJS=''
MAINT=''
MAINTAINER_MODE_FALSE='#'
MAINTAINER_MODE_TRUE=''
MAKEINFO='${SHELL} /trunk/MediaProcessors_selfcontained/3rdplibs/yasm/config/missing makeinfo'
MKDIR_P='/usr/bin/mkdir -p'
MORE_CFLAGS='-ansi -pedantic -Wall  -W -Waggregate-return -Wbad-function-cast -Wcast-align -Wcast-qual -Wchar-subscripts -Winline -Wmissing-declarations -Wmissing-prototypes -Wnested-externs -Wpointer-arith -Wreturn-type -Wshadow -Wsign-compare -Wstrict-prototypes -Wswitch -Wwrite-strings -Wno-undef -Wno-unused-parameter'
MSGFMT='/mingw64/bin/msgfmt'
MSGFMT_015='/mingw64/bin/msgfmt'
MSGMERGE='/mingw64/bin/msgmerge'
OBJEXT='o'
PACKAGE='yasm'
PACKAGE_BUGREPORT='bug-yasm@tortall.net'
PACKAGE_NAME='yasm'
PACKAGE_STRING='yasm 1.3.0.37.g8b4e9'
PACKAGE_TARNAME='yasm'
PACKAGE_URL=''
PACKAGE_VERSION='1.3.0.37.g8b4e9'
PATH_SEPARATOR=':'
POSUB='po'
PYTHON='/mingw64/bin/python'
PYTHON_EXEC_PREFIX='${exec_prefix}'
PYTHON_INCLUDES=''
PYTHON_PLATFORM='win32'
PYTHON_PREFIX='${prefix}'
PYTHON_VERSION='2.7'
RANLIB='ranlib'
SED='/usr/bin/sed'
SET_MAKE=''
SHELL='/bin/sh'
STRIP=''
USE_NLS='yes'
VERSION='1.3.0.37.g8b4e9'
XGETTEXT='/mingw64/bin/xgettext'
XGETTEXT_015='/mingw64/bin/xgettext'
XGETTEXT_EXTRA_OPTIONS=''
XMLTO='xmlto'
ac_ct_AR='ar'
ac_ct_CC='gcc'
am__EXEEXT_FALSE='#'
am__EXEEXT_TRUE=''
am__fastdepCC_FALSE='#'
am__fastdepCC_TRUE=''
am__include='include'
am__isrc=' -I$(srcdir)'
am__leading_dot='.'
am__nodep='_no'
am__quote=''
am__tar='$${TAR-tar} chof - "$$tardir"'
am__untar='$${TAR-tar} xf -'
bindir='${exec_prefix}/bin'
build='x86_64-w64-mingw32'
build_alias='x86_64-w64-mingw32'
build_cpu='x86_64'
build_os='mingw32'
build_vendor='w64'
datadir='${datarootdir}'
datarootdir='${prefix}/share'
docdir='${datarootdir}/doc/${PACKAGE_TARNAME}'
dvidir='${docdir}'
exec_prefix='${prefix}'
host='x86_64-w64-mingw32'
host_alias=''
host_cpu='x86_64'
host_os='mingw32'
host_vendor='w64'
htmldir='${docdir}'
includedir='${prefix}/include'
infodir='${datarootdir}/info'
install_sh='${SHELL} /trunk/MediaProcessors_selfcontained/3rdplibs/yasm/config/install-sh'
libdir='${exec_prefix}/lib'
libexecdir='${exec_prefix}/libexec'
localedir='${datarootdir}/locale'
localstatedir='${prefix}/var'
mandir='${datarootdir}/man'
mkdir_p='$(MKDIR_P)'
oldincludedir='/usr/include'
pdfdir='${docdir}'
pkgpyexecdir='${pyexecdir}/yasm'
pkgpythondir='${pythondir}/yasm'
prefix='/trunk/MediaProcessors_selfcontained/_install_dir_x86_64'
program_transform_name='s,x,x,'
psdir='${docdir}'
pyexecdir='${exec_prefix}/lib/python2.7/site-packages'
pythondir='${prefix}/lib/python2.7/site-packages'
sbindir='${exec_prefix}/sbin'
sharedstatedir='${prefix}/com'
sysconfdir='${prefix}/etc'
target_alias=''

## ----------- ##
## confdefs.h. ##
## ----------- ##

/* confdefs.h */
#define PACKAGE_NAME "yasm"
#define PACKAGE_TARNAME "yasm"
#define PACKAGE_VERSION "1.3.0.37.g8b4e9"
#define PACKAGE_STRING "yasm 1.3.0.37.g8b4e9"
#define PACKAGE_BUGREPORT "bug-yasm@tortall.net"
#define PACKAGE_URL ""
#define PACKAGE "yasm"
#define VERSION "1.3.0.37.g8b4e9"
#define STDC_HEADERS 1
#define HAVE_SYS_TYPES_H 1
#define HAVE_SYS_STAT_H 1
#define HAVE_STDLIB_H 1
#define HAVE_STRING_H 1
#define HAVE_MEMORY_H 1
#define HAVE_STRINGS_H 1
#define HAVE_INTTYPES_H 1
#define HAVE_STDINT_H 1
#define HAVE_UNISTD_H 1
#define HAVE_STRINGS_H 1
#define HAVE_LIBGEN_H 1
#define HAVE_UNISTD_H 1
#define HAVE_DIRECT_H 1
#define HAVE_SYS_STAT_H 1
#define PROTOTYPES 1
#define __PROTOTYPES 1
#define HAVE_ABORT 1
#define HAVE_TOASCII 1
#define HAVE_VSNPRINTF 1
#define HAVE_GETCWD 1
#define HAVE_POPEN 1
#define HAVE_FTRUNCATE 1
#define HAVE_STRCASECMP 1
#define HAVE_STRNCASECMP 1
#define HAVE_STRICMP 1
#define HAVE__STRICMP 1
#define HAVE_STRCMPI 1
#define HAVE_ICONV 1
#define ENABLE_NLS 1
#define HAVE_GETTEXT 1
#define HAVE_DCGETTEXT 1
#define CPP_PROG "cc -E"

configure: exit 0
